2024-03-07 10:44:14,257 [INFO] Activator:176 - 


2024-03-07 10:44:14,260 [INFO] Activator:177 - !SESSION log4j initialized
2024-03-07 10:44:16,212 [ERROR] LogOutputStream:75 - [STDERR_REDIRECT] 
2024-03-07 10:44:16,791 [INFO] LogOutputStream:77 - [STDOUT_REDIRECT] 
2024-03-07 10:44:18,433 [INFO] LogOutputStream:77 - [STDOUT_REDIRECT] 
2024-03-07 10:44:22,562 [ERROR] LogOutputStream:75 - [STDERR_REDIRECT] [Fatal Error] :2:10: DOCTYPE is disallowed when the feature "http://apache.org/xml/features/disallow-doctype-decl" set to true.
2024-03-07 10:44:22,567 [ERROR] LogOutputStream:75 - [STDERR_REDIRECT] 
2024-03-07 10:44:26,694 [INFO] ApplicationProperties:184 - Using Application install path: /Applications/STM32CubeIDE.app/Contents/Eclipse/plugins/com.st.stm32cube.common.mx_6.10.0.202311202037
2024-03-07 10:44:26,710 [INFO] DbMcusXml:78 - Set database path to: /Applications/STM32CubeIDE.app/Contents/Eclipse/plugins/com.st.stm32cube.common.mx_6.10.0.202311202037//db//mcu/
2024-03-07 10:44:26,710 [INFO] ApiDb:274 - Set plugin database path to: /Applications/STM32CubeIDE.app/Contents/Eclipse/plugins/com.st.stm32cube.common.mx_6.10.0.202311202037//db//plugins/boardmanager/
2024-03-07 10:44:26,711 [WARN] ApiDb:259 - Overriding images path with different value:  => /Applications/STM32CubeIDE.app/Contents/Eclipse/plugins/com.st.stm32cube.common.mx_6.10.0.202311202037//db//plugins/mcufinder/images/
2024-03-07 10:44:27,547 [WARN] ApiFinderProperties:113 - /Users/edoardo/.stmcufinder/plugins/mcufinder/mcu/mcuFinder.mfd doesn't exist
2024-03-07 10:44:27,548 [INFO] ApiDb:250 - Set database path to: /Users/edoardo/.stmcufinder/plugins/mcufinder//mcu/
2024-03-07 10:44:27,550 [INFO] DbMcusAds:125 - Set database path to: /Users/edoardo/.stmcufinder/plugins/mcufinder//mcu/
2024-03-07 10:44:27,551 [INFO] CrossReferenceDbSqlite:203 - Set database path to: /Users/edoardo/.stmcufinder/plugins/mcufinder//mcu/cs/
2024-03-07 10:44:27,680 [INFO] RulesReader:64 - Compatibility file has been processed (297 Rules)
2024-03-07 10:44:27,746 [INFO] DbMcusXml:78 - Set database path to: /Applications/STM32CubeIDE.app/Contents/Eclipse/plugins/com.st.stm32cube.common.mx_6.10.0.202311202037//db//mcu/
2024-03-07 10:44:27,746 [INFO] ApiDb:274 - Set plugin database path to: /Applications/STM32CubeIDE.app/Contents/Eclipse/plugins/com.st.stm32cube.common.mx_6.10.0.202311202037//db//plugins/boardmanager/
2024-03-07 10:44:27,746 [INFO] ApiDb:261 - Set plugin images path to: /Applications/STM32CubeIDE.app/Contents/Eclipse/plugins/com.st.stm32cube.common.mx_6.10.0.202311202037//db//plugins/mcufinder/images/
2024-03-07 10:44:27,746 [WARN] DbFile:41 - Overriding database path with different value: /Users/edoardo/.stmcufinder/plugins/mcufinder/ => /Users/edoardo/.stmcufinder/plugins/mcufinder
2024-03-07 10:44:27,746 [INFO] ApiDb:250 - Set database path to: /Users/edoardo/.stmcufinder/plugins/mcufinder//mcu/
2024-03-07 10:44:27,747 [WARN] DbFile:41 - Overriding database path with different value: /Users/edoardo/.stmcufinder/plugins/mcufinder/ => /Users/edoardo/.stmcufinder/plugins/mcufinder
2024-03-07 10:44:27,747 [INFO] DbMcusAds:125 - Set database path to: /Users/edoardo/.stmcufinder/plugins/mcufinder//mcu/
2024-03-07 10:44:27,747 [WARN] DbFile:41 - Overriding database path with different value: /Users/edoardo/.stmcufinder/plugins/mcufinder/ => /Users/edoardo/.stmcufinder/plugins/mcufinder
2024-03-07 10:44:27,747 [WARN] DbFile:41 - Overriding database path with different value: /Users/edoardo/.stmcufinder/plugins/mcufinder/ => /Users/edoardo/.stmcufinder/plugins/mcufinder
2024-03-07 10:44:27,747 [INFO] CrossReferenceDbSqlite:203 - Set database path to: /Users/edoardo/.stmcufinder/plugins/mcufinder//mcu/cs/
2024-03-07 10:44:27,817 [INFO] MainPanel:264 - HeapMemory: 344981504
2024-03-07 10:44:27,900 [INFO] DbMcusXml:78 - Set database path to: /Applications/STM32CubeIDE.app/Contents/Eclipse/plugins/com.st.stm32cube.common.mx_6.10.0.202311202037//db//mcu/
2024-03-07 10:44:27,901 [INFO] ApiDb:274 - Set plugin database path to: /Applications/STM32CubeIDE.app/Contents/Eclipse/plugins/com.st.stm32cube.common.mx_6.10.0.202311202037//db//plugins/boardmanager/
2024-03-07 10:44:27,901 [INFO] ApiDb:261 - Set plugin images path to: /Applications/STM32CubeIDE.app/Contents/Eclipse/plugins/com.st.stm32cube.common.mx_6.10.0.202311202037//db//plugins/mcufinder/images/
2024-03-07 10:44:27,901 [WARN] DbFile:41 - Overriding database path with different value: /Users/edoardo/.stmcufinder/plugins/mcufinder/ => /Users/edoardo/.stmcufinder/plugins/mcufinder
2024-03-07 10:44:27,901 [INFO] ApiDb:250 - Set database path to: /Users/edoardo/.stmcufinder/plugins/mcufinder//mcu/
2024-03-07 10:44:27,901 [WARN] DbFile:41 - Overriding database path with different value: /Users/edoardo/.stmcufinder/plugins/mcufinder/ => /Users/edoardo/.stmcufinder/plugins/mcufinder
2024-03-07 10:44:27,901 [INFO] DbMcusAds:125 - Set database path to: /Users/edoardo/.stmcufinder/plugins/mcufinder//mcu/
2024-03-07 10:44:27,901 [WARN] DbFile:41 - Overriding database path with different value: /Users/edoardo/.stmcufinder/plugins/mcufinder/ => /Users/edoardo/.stmcufinder/plugins/mcufinder
2024-03-07 10:44:27,901 [WARN] DbFile:41 - Overriding database path with different value: /Users/edoardo/.stmcufinder/plugins/mcufinder/ => /Users/edoardo/.stmcufinder/plugins/mcufinder
2024-03-07 10:44:27,901 [INFO] CrossReferenceDbSqlite:203 - Set database path to: /Users/edoardo/.stmcufinder/plugins/mcufinder//mcu/cs/
2024-03-07 10:44:27,920 [INFO] ApplicationProperties:184 - Using Application install path: /Applications/STM32CubeIDE.app/Contents/Eclipse/plugins/com.st.stm32cube.common.mx_6.10.0.202311202037
2024-03-07 10:44:27,921 [INFO] PluginManage:196 - Search for loadable plugins [exclusion list=, ]
2024-03-07 10:44:27,924 [INFO] PluginManage:310 - Check plugin analytics
2024-03-07 10:44:28,158 [INFO] AnalyticsPlugin:253 - Accepted Software Licenses: 
2024-03-07 10:44:28,158 [INFO] AnalyticsPlugin:255 - Accepted CMSIS Pack Licenses: 
2024-03-07 10:44:28,158 [INFO] AnalyticsPlugin:257 - Accepted Firmware Licenses: 
2024-03-07 10:44:28,169 [INFO] PluginManage:359 - Loaded plugin analytics (category:tool,tabindex:-1)
2024-03-07 10:44:28,171 [INFO] PluginManage:310 - Check plugin cadmodel
2024-03-07 10:44:28,450 [INFO] CADModel:105 - Init CAD model plugin
2024-03-07 10:44:28,451 [INFO] PluginManage:359 - Loaded plugin cadmodel (category:power,tabindex:5)
2024-03-07 10:44:28,451 [INFO] PluginManage:310 - Check plugin clock
2024-03-07 10:44:28,460 [INFO] PluginManage:359 - Loaded plugin clock (category:base,tabindex:2)
2024-03-07 10:44:28,460 [INFO] PluginManage:310 - Check plugin ddr
2024-03-07 10:44:28,461 [INFO] PluginManage:359 - Loaded plugin ddr (category:tool,tabindex:6)
2024-03-07 10:44:28,462 [INFO] PluginManage:310 - Check plugin filemanager
2024-03-07 10:44:28,640 [INFO] PluginManage:359 - Loaded plugin filemanager (category:base,tabindex:10)
2024-03-07 10:44:28,640 [INFO] PluginManage:310 - Check plugin ipmanager
2024-03-07 10:44:28,652 [INFO] PluginManage:359 - Loaded plugin ipmanager (category:base,tabindex:5)
2024-03-07 10:44:28,652 [INFO] PluginManage:310 - Check plugin lpbam
2024-03-07 10:44:28,664 [INFO] PluginManage:359 - Loaded plugin lpbam (category:base,tabindex:0)
2024-03-07 10:44:28,664 [INFO] PluginManage:310 - Check plugin memorymap
2024-03-07 10:44:28,674 [INFO] PluginManage:359 - Loaded plugin memorymap (category:base,tabindex:4)
2024-03-07 10:44:28,674 [INFO] PluginManage:310 - Check plugin pinoutandconfiguration
2024-03-07 10:44:28,681 [INFO] PluginManage:359 - Loaded plugin pinoutandconfiguration (category:base,tabindex:1)
2024-03-07 10:44:28,681 [INFO] PluginManage:310 - Check plugin pinoutconfig
2024-03-07 10:44:28,771 [WARN] SupportedApi:132 - Cannot load RTOS API schema: s4s-elt-must-match.1: The content of 'definitions' must match (annotation?, (simpleType | complexType)?, (unique | key | keyref)*)). A problem was found starting at: attribute.
2024-03-07 10:44:28,918 [INFO] PluginManage:359 - Loaded plugin pinoutconfig (category:base,tabindex:0)
2024-03-07 10:44:28,918 [INFO] PluginManage:310 - Check plugin power
2024-03-07 10:44:28,930 [INFO] PluginManage:359 - Loaded plugin power (category:power,tabindex:4)
2024-03-07 10:44:28,930 [INFO] PluginManage:310 - Check plugin projectmanager
2024-03-07 10:44:28,964 [INFO] PluginManage:359 - Loaded plugin projectmanager (category:projectmanager,tabindex:3)
2024-03-07 10:44:28,965 [INFO] PluginManage:310 - Check plugin thirdparty
2024-03-07 10:44:29,187 [INFO] PluginManage:359 - Loaded plugin thirdparty (category:base,tabindex:-1)
2024-03-07 10:44:29,189 [INFO] PluginManage:310 - Check plugin tools
2024-03-07 10:44:29,187 [WARN] IntegrityCheckThread:84 - waiting for thirdparty lock release [integrity check]
2024-03-07 10:44:29,200 [INFO] IntegrityCheckThread:86 - entering critical section [integrity check]
2024-03-07 10:44:29,202 [INFO] PluginManage:359 - Loaded plugin tools (category:base,tabindex:7)
2024-03-07 10:44:29,202 [INFO] PluginManage:310 - Check plugin tutovideos
2024-03-07 10:44:29,204 [INFO] ThirdPartyUpdaterWithRetryManager:70 - Updater plugin not ready yet. [1/15]
2024-03-07 10:44:29,387 [INFO] PluginManage:359 - Loaded plugin tutovideos (category:base,tabindex:-1)
2024-03-07 10:44:29,388 [INFO] PluginManage:310 - Check plugin updater
2024-03-07 10:44:29,404 [INFO] PluginManage:359 - Loaded plugin updater (category:base,tabindex:12)
2024-03-07 10:44:29,405 [INFO] PluginManage:310 - Check plugin userauth
2024-03-07 10:44:29,412 [INFO] UserAuth:114 - Init User Auth plugin
2024-03-07 10:44:29,412 [INFO] PluginManage:359 - Loaded plugin userauth (category:base,tabindex:14)
2024-03-07 10:44:29,413 [INFO] PluginManage:283 - PluginManage : Loaded plugins [17]
2024-03-07 10:44:29,669 [INFO] PinOutPanel:1499 - setPackage(No Configuration,No Configuration)
2024-03-07 10:44:29,732 [INFO] CADModel:165 - CPN selected for project level
2024-03-07 10:44:29,732 [INFO] CADModel:114 - Register for checkConnection events
2024-03-07 10:44:29,743 [INFO] IPUIPlugin:80 - create IPUIPlugin
2024-03-07 10:44:29,743 [INFO] PluginManager:220 - loadIPPluginJar : add mdma
2024-03-07 10:44:29,750 [INFO] IPUIPlugin:80 - create IPUIPlugin
2024-03-07 10:44:29,750 [INFO] PluginManager:220 - loadIPPluginJar : add freertos
2024-03-07 10:44:29,754 [INFO] IPUIPlugin:80 - create IPUIPlugin
2024-03-07 10:44:29,754 [INFO] PluginManager:220 - loadIPPluginJar : add gic
2024-03-07 10:44:29,761 [INFO] IPUIPlugin:80 - create IPUIPlugin
2024-03-07 10:44:29,761 [INFO] PluginManager:220 - loadIPPluginJar : add adc
2024-03-07 10:44:29,764 [INFO] IPUIPlugin:80 - create IPUIPlugin
2024-03-07 10:44:29,764 [INFO] PluginManager:220 - loadIPPluginJar : add gtzc
2024-03-07 10:44:29,765 [INFO] IPUIPlugin:80 - create IPUIPlugin
2024-03-07 10:44:29,765 [INFO] PluginManager:220 - loadIPPluginJar : add quadspi
2024-03-07 10:44:29,766 [INFO] IPUIPlugin:80 - create IPUIPlugin
2024-03-07 10:44:29,767 [INFO] PluginManager:220 - loadIPPluginJar : add aes
2024-03-07 10:44:29,768 [INFO] IPUIPlugin:80 - create IPUIPlugin
2024-03-07 10:44:29,768 [INFO] PluginManager:220 - loadIPPluginJar : add pdm2pcm
2024-03-07 10:44:29,769 [INFO] IPUIPlugin:80 - create IPUIPlugin
2024-03-07 10:44:29,769 [INFO] PluginManager:220 - loadIPPluginJar : add hash
2024-03-07 10:44:29,771 [INFO] IPUIPlugin:80 - create IPUIPlugin
2024-03-07 10:44:29,771 [INFO] PluginManager:220 - loadIPPluginJar : add tim
2024-03-07 10:44:29,772 [INFO] IPUIPlugin:80 - create IPUIPlugin
2024-03-07 10:44:29,772 [INFO] PluginManager:220 - loadIPPluginJar : add tsc
2024-03-07 10:44:29,773 [INFO] IPUIPlugin:80 - create IPUIPlugin
2024-03-07 10:44:29,773 [INFO] PluginManager:220 - loadIPPluginJar : add ts
2024-03-07 10:44:29,775 [INFO] IPUIPlugin:80 - create IPUIPlugin
2024-03-07 10:44:29,775 [INFO] PluginManager:220 - loadIPPluginJar : add can
2024-03-07 10:44:29,778 [INFO] IPUIPlugin:80 - create IPUIPlugin
2024-03-07 10:44:29,778 [INFO] PluginManager:220 - loadIPPluginJar : add dma3
2024-03-07 10:44:29,780 [INFO] IPUIPlugin:80 - create IPUIPlugin
2024-03-07 10:44:29,780 [INFO] PluginManager:220 - loadIPPluginJar : add dfsdm
2024-03-07 10:44:29,781 [INFO] IPUIPlugin:80 - create IPUIPlugin
2024-03-07 10:44:29,781 [INFO] PluginManager:220 - loadIPPluginJar : add spi
2024-03-07 10:44:29,782 [INFO] IPUIPlugin:80 - create IPUIPlugin
2024-03-07 10:44:29,782 [INFO] PluginManager:220 - loadIPPluginJar : add gfxmmu
2024-03-07 10:44:29,783 [INFO] IPUIPlugin:80 - create IPUIPlugin
2024-03-07 10:44:29,783 [INFO] PluginManager:220 - loadIPPluginJar : add genericplugin
2024-03-07 10:44:29,785 [INFO] IPUIPlugin:80 - create IPUIPlugin
2024-03-07 10:44:29,785 [INFO] PluginManager:220 - loadIPPluginJar : add cryp
2024-03-07 10:44:29,787 [INFO] IPUIPlugin:80 - create IPUIPlugin
2024-03-07 10:44:29,788 [INFO] PluginManager:220 - loadIPPluginJar : add gpio
2024-03-07 10:44:29,790 [INFO] IPUIPlugin:80 - create IPUIPlugin
2024-03-07 10:44:29,790 [INFO] PluginManager:220 - loadIPPluginJar : add comp
2024-03-07 10:44:29,791 [INFO] IPUIPlugin:80 - create IPUIPlugin
2024-03-07 10:44:29,792 [INFO] PluginManager:220 - loadIPPluginJar : add tracer_emb
2024-03-07 10:44:29,795 [INFO] IPUIPlugin:80 - create IPUIPlugin
2024-03-07 10:44:29,795 [INFO] PluginManager:220 - loadIPPluginJar : add openamp
2024-03-07 10:44:29,798 [INFO] IPUIPlugin:80 - create IPUIPlugin
2024-03-07 10:44:29,798 [INFO] PluginManager:220 - loadIPPluginJar : add stm32_wpan
2024-03-07 10:44:29,802 [INFO] IPUIPlugin:80 - create IPUIPlugin
2024-03-07 10:44:29,805 [INFO] PluginManager:220 - loadIPPluginJar : add plateformsettings
2024-03-07 10:44:29,807 [INFO] IPUIPlugin:80 - create IPUIPlugin
2024-03-07 10:44:29,807 [INFO] PluginManager:220 - loadIPPluginJar : add ipddr
2024-03-07 10:44:29,808 [INFO] IPUIPlugin:80 - create IPUIPlugin
2024-03-07 10:44:29,809 [INFO] PluginManager:220 - loadIPPluginJar : add usart
2024-03-07 10:44:29,809 [INFO] IPUIPlugin:80 - create IPUIPlugin
2024-03-07 10:44:29,810 [INFO] PluginManager:220 - loadIPPluginJar : add ltdc
2024-03-07 10:44:29,811 [INFO] IPUIPlugin:80 - create IPUIPlugin
2024-03-07 10:44:29,811 [INFO] PluginManager:220 - loadIPPluginJar : add nvic
2024-03-07 10:44:29,812 [INFO] IPUIPlugin:80 - create IPUIPlugin
2024-03-07 10:44:29,812 [INFO] PluginManager:220 - loadIPPluginJar : add fatfs
2024-03-07 10:44:29,817 [INFO] IPUIPlugin:80 - create IPUIPlugin
2024-03-07 10:44:29,817 [INFO] PluginManager:220 - loadIPPluginJar : add linkedlist
2024-03-07 10:44:29,821 [INFO] IPUIPlugin:80 - create IPUIPlugin
2024-03-07 10:44:29,821 [INFO] PluginManager:220 - loadIPPluginJar : add dma
2024-03-07 10:44:29,823 [INFO] IPUIPlugin:80 - create IPUIPlugin
2024-03-07 10:44:29,823 [INFO] PluginManager:220 - loadIPPluginJar : add fmc
2024-03-07 10:44:29,824 [INFO] IPUIPlugin:80 - create IPUIPlugin
2024-03-07 10:44:29,824 [INFO] PluginManager:220 - loadIPPluginJar : add i2s
2024-03-07 10:44:29,826 [INFO] IPUIPlugin:80 - create IPUIPlugin
2024-03-07 10:44:29,826 [INFO] PluginManager:220 - loadIPPluginJar : add ucpd
2024-03-07 10:44:29,828 [INFO] IPUIPlugin:80 - create IPUIPlugin
2024-03-07 10:44:29,828 [INFO] PluginManager:220 - loadIPPluginJar : add lorawan
2024-03-07 10:44:29,829 [INFO] IPUIPlugin:80 - create IPUIPlugin
2024-03-07 10:44:29,829 [INFO] PluginManager:220 - loadIPPluginJar : add opamp
2024-03-07 10:44:29,831 [INFO] IPUIPlugin:80 - create IPUIPlugin
2024-03-07 10:44:29,831 [INFO] PluginManager:220 - loadIPPluginJar : add i3c
2024-03-07 10:44:29,832 [INFO] IPUIPlugin:80 - create IPUIPlugin
2024-03-07 10:44:29,832 [INFO] PluginManager:220 - loadIPPluginJar : add touchsensing
2024-03-07 10:44:29,834 [INFO] IPUIPlugin:80 - create IPUIPlugin
2024-03-07 10:44:29,834 [INFO] PluginManager:220 - loadIPPluginJar : add i2c
2024-03-07 10:44:29,836 [INFO] IPUIPlugin:80 - create IPUIPlugin
2024-03-07 10:44:29,837 [INFO] PluginManager:220 - loadIPPluginJar : add resmgrutility
2024-03-07 10:44:29,840 [INFO] IPUIPlugin:80 - create IPUIPlugin
2024-03-07 10:44:29,840 [INFO] PluginManager:220 - loadIPPluginJar : add sai
2024-03-07 10:44:29,843 [INFO] IPUIPlugin:80 - create IPUIPlugin
2024-03-07 10:44:29,843 [INFO] PluginManager:220 - loadIPPluginJar : add usbx
2024-03-07 10:44:29,957 [INFO] CADModel:165 - CPN selected for project level
2024-03-07 10:44:29,958 [INFO] CADModel:114 - Register for checkConnection events
2024-03-07 10:44:29,959 [FATAL] Updater:308 - Updater called before beeing initialized
2024-03-07 10:44:29,959 [ERROR] CADModel:125 - Updater not yet initialized, retry later 
2024-03-07 10:44:30,271 [INFO] CADModel:165 - CPN selected for project level
2024-03-07 10:44:30,273 [INFO] CADModel:114 - Register for checkConnection events
2024-03-07 10:44:30,273 [FATAL] Updater:308 - Updater called before beeing initialized
2024-03-07 10:44:30,273 [ERROR] CADModel:125 - Updater not yet initialized, retry later 
2024-03-07 10:44:30,282 [FATAL] Updater:308 - Updater called before beeing initialized
2024-03-07 10:44:30,439 [FATAL] Updater:308 - Updater called before beeing initialized
2024-03-07 10:44:30,444 [INFO] DbMcusAds:53 - JSON generation date=Thu Sep 30 08:55:09 CEST 2021 (1632984909247)
2024-03-07 10:44:30,445 [FATAL] Updater:308 - Updater called before beeing initialized
2024-03-07 10:44:30,640 [WARN] DetailPanel:346 - Failed to get advertising image, set to default
2024-03-07 10:44:30,706 [FATAL] Updater:308 - Updater called before beeing initialized
2024-03-07 10:44:30,707 [FATAL] Updater:308 - Updater called before beeing initialized
2024-03-07 10:44:30,707 [FATAL] Updater:308 - Updater called before beeing initialized
2024-03-07 10:44:30,707 [WARN] DetailPanel:346 - Failed to get advertising image, set to default
2024-03-07 10:44:30,708 [FATAL] Updater:308 - Updater called before beeing initialized
2024-03-07 10:44:30,785 [ERROR] Updater:1120 - MainUpdater not yet initialized. External WinMGr cannot be set.
2024-03-07 10:44:30,827 [INFO] Updater:1056 - Updater Version found : 6.10.0
2024-03-07 10:44:30,842 [INFO] ApplicationProperties:184 - Using Application install path: /Applications/STM32CubeIDE.app/Contents/Eclipse/plugins/com.st.stm32cube.common.mx_6.10.0.202311202037
2024-03-07 10:44:30,937 [INFO] MainUpdater:526 - Copy updater definitions from MX database
2024-03-07 10:44:30,990 [INFO] MainUpdater:559 - Copy flag file definitions from MX database
2024-03-07 10:44:30,992 [INFO] MainUpdater:575 - Copy thirdparty index definitions from MX database
2024-03-07 10:44:30,992 [INFO] MainUpdater:594 - Copy default thirdparty db definitions from MX database
2024-03-07 10:44:31,211 [INFO] MainUpdater:2873 - connection check result : 10
2024-03-07 10:44:31,211 [INFO] MainUpdater:3567 - Updater definition file requires update
2024-03-07 10:44:31,212 [INFO] MainUpdater:290 - Updater Check For Update Now.
2024-03-07 10:44:31,212 [INFO] MicroXplorer:498 - Change Database Version : DB.6.0.100
2024-03-07 10:44:31,216 [INFO] McuFinderGlobals:63 - Set McuFinder mode to 2 (CubeIDE integrated)
2024-03-07 10:44:31,216 [INFO] UserAuth:180 - activating auth plugin
2024-03-07 10:44:31,226 [INFO] UserAuth:404 - Internet connection configuration mode: 1
2024-03-07 10:44:31,238 [INFO] JxBrowserEngine:152 - Initiate JxBrowser Engine with user profile folder
2024-03-07 10:44:31,377 [INFO] ServerAccessManage:473 - Download File updaters.zip
2024-03-07 10:44:31,601 [INFO] FileExtend:240 - Unzip File : updaters.zip
2024-03-07 10:44:31,604 [INFO] FileExtend:255 - Standard Zip Deflate
2024-03-07 10:44:31,821 [INFO] ServerAccessManage:473 - Download File PacksControlFlags.xml
2024-03-07 10:44:31,972 [INFO] ServerAccessManage:473 - Download File cubemx.pidx
2024-03-07 10:44:32,107 [INFO] ServerAccessManage:473 - Download File STMicroelectronics.FP-ATR-ASTRA1.pdsc
2024-03-07 10:44:32,211 [WARN] MainUpdater:1194 - Updater busy. Cannot search thirdparties
2024-03-07 10:44:32,211 [INFO] ThirdPartyUpdaterWithRetryManager:96 - Updater plugin is busy. [1/15]
2024-03-07 10:44:32,343 [INFO] ServerAccessManage:473 - Download File STMicroelectronics.FP-ATR-SIGFOX1.pdsc
2024-03-07 10:44:32,456 [INFO] ServerAccessManage:473 - Download File STMicroelectronics.FP-SNS-FLIGHT1.pdsc
2024-03-07 10:44:32,739 [INFO] ServerAccessManage:473 - Download File STMicroelectronics.FP-SNS-MOTENV1.pdsc
2024-03-07 10:44:32,985 [INFO] ServerAccessManage:473 - Download File STMicroelectronics.FP-SNS-MOTENVWB1.pdsc
2024-03-07 10:44:33,157 [INFO] ServerAccessManage:473 - Download File STMicroelectronics.FP-SNS-SMARTAG2.pdsc
2024-03-07 10:44:33,247 [INFO] ServerAccessManage:473 - Download File STMicroelectronics.X-CUBE-AI.pdsc
2024-03-07 10:44:34,111 [INFO] ServerAccessManage:473 - Download File STMicroelectronics.X-CUBE-ALS.pdsc
2024-03-07 10:44:34,307 [INFO] ServerAccessManage:473 - Download File STMicroelectronics.X-CUBE-BLE1.pdsc
2024-03-07 10:44:35,217 [WARN] MainUpdater:1194 - Updater busy. Cannot search thirdparties
2024-03-07 10:44:35,217 [INFO] ThirdPartyUpdaterWithRetryManager:96 - Updater plugin is busy. [2/15]
2024-03-07 10:44:35,248 [ERROR] ServerAccessManage:1089 - Problem, file not found on Server
2024-03-07 10:44:35,296 [INFO] ServerAccessManage:473 - Download File STMicroelectronics.X-CUBE-BLE2.pdsc
2024-03-07 10:44:35,823 [INFO] ServerAccessManage:473 - Download File STMicroelectronics.X-CUBE-BLEMGR.pdsc
2024-03-07 10:44:36,295 [INFO] ServerAccessManage:473 - Download File STMicroelectronics.X-CUBE-DISPLAY.pdsc
2024-03-07 10:44:36,892 [INFO] ServerAccessManage:473 - Download File STMicroelectronics.X-CUBE-EEPRMA1.pdsc
2024-03-07 10:44:37,054 [ERROR] ServerAccessManage:1089 - Problem, file not found on Server
2024-03-07 10:44:37,398 [ERROR] ServerAccessManage:1089 - Problem, file not found on Server
2024-03-07 10:44:37,614 [INFO] ServerAccessManage:473 - Download File STMicroelectronics.X-CUBE-FREERTOS.pdsc
2024-03-07 10:44:37,893 [INFO] ServerAccessManage:473 - Download File STMicroelectronics.X-CUBE-GNSS1.pdsc
2024-03-07 10:44:38,222 [WARN] MainUpdater:1194 - Updater busy. Cannot search thirdparties
2024-03-07 10:44:38,223 [INFO] ThirdPartyUpdaterWithRetryManager:96 - Updater plugin is busy. [3/15]
2024-03-07 10:44:38,594 [ERROR] ServerAccessManage:1089 - Problem, file not found on Server
2024-03-07 10:44:38,678 [ERROR] ServerAccessManage:1089 - Problem, file not found on Server
2024-03-07 10:44:38,788 [ERROR] ServerAccessManage:1089 - Problem, file not found on Server
2024-03-07 10:44:39,017 [ERROR] ServerAccessManage:1089 - Problem, file not found on Server
2024-03-07 10:44:39,116 [ERROR] ServerAccessManage:1089 - Problem, file not found on Server
2024-03-07 10:44:39,378 [ERROR] ServerAccessManage:1089 - Problem, file not found on Server
2024-03-07 10:44:39,422 [INFO] ServerAccessManage:473 - Download File STMicroelectronics.X-CUBE-ISPU.pdsc
2024-03-07 10:44:39,585 [INFO] ServerAccessManage:473 - Download File STMicroelectronics.X-CUBE-MEMS1.pdsc
2024-03-07 10:44:40,861 [INFO] ServerAccessManage:473 - Download File STMicroelectronics.X-CUBE-NFC4.pdsc
2024-03-07 10:44:41,228 [WARN] MainUpdater:1194 - Updater busy. Cannot search thirdparties
2024-03-07 10:44:41,228 [INFO] ThirdPartyUpdaterWithRetryManager:96 - Updater plugin is busy. [4/15]
2024-03-07 10:44:41,353 [INFO] McuFinderGlobals:63 - Set McuFinder mode to 2 (CubeIDE integrated)
2024-03-07 10:44:41,666 [INFO] ServerAccessManage:473 - Download File STMicroelectronics.X-CUBE-NFC6.pdsc
2024-03-07 10:44:41,798 [INFO] ServerAccessManage:473 - Download File STMicroelectronics.X-CUBE-NFC7.pdsc
2024-03-07 10:44:41,977 [INFO] ServerAccessManage:473 - Download File STMicroelectronics.X-CUBE-SFXS2LP1.pdsc
2024-03-07 10:44:42,248 [INFO] ServerAccessManage:473 - Download File STMicroelectronics.X-CUBE-SUBG2.pdsc
2024-03-07 10:44:42,771 [INFO] ServerAccessManage:473 - Download File STMicroelectronics.X-CUBE-SMBUS.pdsc
2024-03-07 10:44:43,065 [ERROR] ServerAccessManage:1089 - Problem, file not found on Server
2024-03-07 10:44:43,089 [INFO] ServerAccessManage:473 - Download File STMicroelectronics.X-CUBE-TOF1.pdsc
2024-03-07 10:44:43,609 [ERROR] ServerAccessManage:1089 - Problem, file not found on Server
2024-03-07 10:44:43,699 [INFO] ServerAccessManage:473 - Download File STMicroelectronics.X-CUBE-TOUCHGFX.pdsc
2024-03-07 10:44:44,231 [WARN] MainUpdater:1194 - Updater busy. Cannot search thirdparties
2024-03-07 10:44:44,231 [INFO] ThirdPartyUpdaterWithRetryManager:96 - Updater plugin is busy. [5/15]
2024-03-07 10:44:44,768 [INFO] ServerAccessManage:473 - Download File STMicroelectronics.X-CUBE-ALGOBUILD.pdsc
2024-03-07 10:44:45,151 [INFO] ServerAccessManage:473 - Download File STMicroelectronics.X-CUBE-AZRTOS-H7.pdsc
2024-03-07 10:44:45,650 [INFO] ServerAccessManage:473 - Download File STMicroelectronics.X-CUBE-AZRTOS-F4.pdsc
2024-03-07 10:44:45,861 [INFO] ServerAccessManage:473 - Download File STMicroelectronics.X-CUBE-AZRTOS-F7.pdsc
2024-03-07 10:44:46,073 [INFO] ServerAccessManage:473 - Download File STMicroelectronics.X-CUBE-AZRTOS-L4.pdsc
2024-03-07 10:44:46,270 [INFO] ServerAccessManage:473 - Download File STMicroelectronics.X-CUBE-AZRTOS-L5.pdsc
2024-03-07 10:44:46,505 [INFO] ServerAccessManage:473 - Download File STMicroelectronics.X-CUBE-AZRTOS-G0.pdsc
2024-03-07 10:44:46,702 [INFO] ServerAccessManage:473 - Download File STMicroelectronics.X-CUBE-AZRTOS-G4.pdsc
2024-03-07 10:44:47,089 [INFO] ServerAccessManage:473 - Download File STMicroelectronics.X-CUBE-AZRTOS-WB.pdsc
2024-03-07 10:44:47,237 [WARN] MainUpdater:1194 - Updater busy. Cannot search thirdparties
2024-03-07 10:44:47,237 [INFO] ThirdPartyUpdaterWithRetryManager:96 - Updater plugin is busy. [6/15]
2024-03-07 10:44:47,312 [INFO] ServerAccessManage:473 - Download File STMicroelectronics.X-CUBE-AZRTOS-WL.pdsc
2024-03-07 10:44:48,087 [INFO] ServerAccessManage:473 - Download File wolfSSL.I-CUBE-wolfSSL.pdsc
2024-03-07 10:44:50,243 [WARN] MainUpdater:1194 - Updater busy. Cannot search thirdparties
2024-03-07 10:44:50,244 [INFO] ThirdPartyUpdaterWithRetryManager:96 - Updater plugin is busy. [7/15]
2024-03-07 10:44:53,249 [WARN] MainUpdater:1194 - Updater busy. Cannot search thirdparties
2024-03-07 10:44:53,249 [INFO] ThirdPartyUpdaterWithRetryManager:96 - Updater plugin is busy. [8/15]
2024-03-07 10:44:53,624 [ERROR] ServerAccessManage:1089 - Problem, file not found on Server
2024-03-07 10:44:53,975 [ERROR] ServerAccessManage:1089 - Problem, file not found on Server
2024-03-07 10:44:54,332 [ERROR] ServerAccessManage:1089 - Problem, file not found on Server
2024-03-07 10:44:54,925 [ERROR] ServerAccessManage:1096 - Problem, Http access forbiden
2024-03-07 10:44:54,950 [ERROR] ServerAccessManage:651 - Problem, Http access forbiden : RoweBots.I-CUBE-UNISONRTOS.pdsc.
2024-03-07 10:44:55,156 [INFO] ServerAccessManage:473 - Download File SEGGER.I-CUBE-embOS.pdsc
2024-03-07 10:44:55,866 [INFO] ServerAccessManage:473 - Download File portGmbH.I-Cube-SoM-uGOAL.pdsc
2024-03-07 10:44:56,251 [WARN] MainUpdater:1194 - Updater busy. Cannot search thirdparties
2024-03-07 10:44:56,251 [INFO] ThirdPartyUpdaterWithRetryManager:96 - Updater plugin is busy. [9/15]
2024-03-07 10:44:56,253 [ERROR] ServerAccessManage:1089 - Problem, file not found on Server
2024-03-07 10:44:56,290 [ERROR] ServerAccessManage:1089 - Problem, file not found on Server
2024-03-07 10:44:56,326 [ERROR] ServerAccessManage:1089 - Problem, file not found on Server
2024-03-07 10:44:56,564 [INFO] ServerAccessManage:473 - Download File emotas.I-CUBE-CANOPEN.pdsc
2024-03-07 10:44:57,554 [INFO] ServerAccessManage:473 - Download File WES.I-CUBE-Cesium.pdsc
2024-03-07 10:44:58,188 [ERROR] ServerAccessManage:1089 - Problem, file not found on Server
2024-03-07 10:44:58,501 [ERROR] ServerAccessManage:1089 - Problem, file not found on Server
2024-03-07 10:44:59,256 [WARN] MainUpdater:1194 - Updater busy. Cannot search thirdparties
2024-03-07 10:44:59,257 [INFO] ThirdPartyUpdaterWithRetryManager:96 - Updater plugin is busy. [10/15]
2024-03-07 10:44:59,664 [INFO] ServerAccessManage:473 - Download File ITTIA_DB.I-CUBE-ITTIADB.pdsc
2024-03-07 10:45:01,466 [INFO] MainUpdater:2873 - connection check result : 10
2024-03-07 10:45:02,264 [WARN] MainUpdater:1194 - Updater busy. Cannot search thirdparties
2024-03-07 10:45:02,265 [INFO] ThirdPartyUpdaterWithRetryManager:96 - Updater plugin is busy. [11/15]
2024-03-07 10:45:03,302 [INFO] ServerAccessManage:473 - Download File Infineon.AIROC-Wi-Fi-Bluetooth-STM32.pdsc
2024-03-07 10:45:04,254 [INFO] WebApp:161 - Instantiating new browser for Auth
2024-03-07 10:45:05,269 [WARN] MainUpdater:1194 - Updater busy. Cannot search thirdparties
2024-03-07 10:45:05,269 [INFO] ThirdPartyUpdaterWithRetryManager:96 - Updater plugin is busy. [12/15]
2024-03-07 10:45:05,318 [WARN] PackLoader:240 - Cannot read IP mode file for STMicroelectronics.FP-ATR-ASTRA1.2.0.0
2024-03-07 10:45:05,354 [WARN] PackLoader:240 - Cannot read IP mode file for STMicroelectronics.FP-ATR-SIGFOX1.3.2.0
2024-03-07 10:45:05,364 [WARN] CheckServerUpdateThread:151 - Open CheckUpdateFile Fail
2024-03-07 10:45:05,374 [WARN] PackLoader:240 - Cannot read IP mode file for STMicroelectronics.FP-SNS-FLIGHT1.5.0.2
2024-03-07 10:45:05,408 [WARN] PackLoader:240 - Cannot read IP mode file for STMicroelectronics.FP-SNS-MOTENV1.4.3.2
2024-03-07 10:45:05,447 [WARN] PackLoader:240 - Cannot read IP mode file for STMicroelectronics.FP-SNS-MOTENVWB1.1.3.1
2024-03-07 10:45:05,462 [WARN] PackLoader:240 - Cannot read IP mode file for STMicroelectronics.FP-SNS-SMARTAG2.1.2.0
2024-03-07 10:45:05,511 [WARN] PackLoader:240 - Cannot read IP mode file for STMicroelectronics.X-CUBE-AI.8.1.0
2024-03-07 10:45:05,536 [INFO] CheckServerUpdateThread:120 - End of CheckServer Thread
2024-03-07 10:45:05,539 [WARN] PackLoader:240 - Cannot read IP mode file for STMicroelectronics.X-CUBE-ALS.1.0.1
2024-03-07 10:45:05,555 [INFO] McuFinderGlobals:76 - Set McuFinderConnectedMode to true
2024-03-07 10:45:05,572 [WARN] PackLoader:240 - Cannot read IP mode file for STMicroelectronics.X-CUBE-BLE1.7.0.0
2024-03-07 10:45:05,615 [WARN] PackLoader:240 - Cannot read IP mode file for STMicroelectronics.X-CUBE-BLE2.3.3.0
2024-03-07 10:45:05,660 [WARN] PackLoader:240 - Cannot read IP mode file for STMicroelectronics.X-CUBE-BLEMGR.3.1.0
2024-03-07 10:45:05,707 [WARN] PackLoader:240 - Cannot read IP mode file for STMicroelectronics.X-CUBE-DISPLAY.3.0.0
2024-03-07 10:45:05,802 [WARN] PackLoader:240 - Cannot read IP mode file for STMicroelectronics.X-CUBE-EEPRMA1.5.1.0
2024-03-07 10:45:05,842 [WARN] PackLoader:240 - Cannot read IP mode file for STMicroelectronics.X-CUBE-FREERTOS.1.1.0
2024-03-07 10:45:05,856 [WARN] PackLoader:240 - Cannot read IP mode file for STMicroelectronics.X-CUBE-GNSS1.6.0.0
2024-03-07 10:45:05,889 [WARN] PackLoader:240 - Cannot read IP mode file for STMicroelectronics.X-CUBE-ISPU.2.0.0
2024-03-07 10:45:05,924 [INFO] ServerAccessManage:473 - Download File mcusAds.json._tmp_
2024-03-07 10:45:06,038 [INFO] LoadUrlFilesThread:156 - End of LoadUrlFiles Thread
2024-03-07 10:45:06,171 [WARN] PackLoader:240 - Cannot read IP mode file for STMicroelectronics.X-CUBE-MEMS1.10.0.0
2024-03-07 10:45:06,278 [INFO] ServerAccessManage:473 - Download File cube-finder-db.zip
2024-03-07 10:45:06,567 [WARN] PackLoader:240 - Cannot read IP mode file for STMicroelectronics.X-CUBE-NFC4.3.0.0
2024-03-07 10:45:06,678 [WARN] PackLoader:240 - Cannot read IP mode file for STMicroelectronics.X-CUBE-NFC6.3.0.0
2024-03-07 10:45:06,760 [WARN] PackLoader:240 - Cannot read IP mode file for STMicroelectronics.X-CUBE-NFC7.1.0.1
2024-03-07 10:45:06,804 [WARN] PackLoader:240 - Cannot read IP mode file for STMicroelectronics.X-CUBE-SFXS2LP1.4.0.0
2024-03-07 10:45:06,833 [WARN] PackLoader:240 - Cannot read IP mode file for STMicroelectronics.X-CUBE-SUBG2.5.0.0
2024-03-07 10:45:06,856 [WARN] PackLoader:240 - Cannot read IP mode file for STMicroelectronics.X-CUBE-SMBUS.2.1.0
2024-03-07 10:45:06,863 [INFO] WebApp:780 - Register for checkConnection events
2024-03-07 10:45:06,865 [INFO] WebApp:414 - Apply proxy settings
2024-03-07 10:45:06,873 [INFO] WebApp:459 - Chromium authenticates against Manually configured proxy
2024-03-07 10:45:06,874 [WARN] PackLoader:240 - Cannot read IP mode file for STMicroelectronics.X-CUBE-TOF1.3.4.1
2024-03-07 10:45:06,900 [WARN] PackLoader:240 - Cannot read IP mode file for STMicroelectronics.X-CUBE-TOUCHGFX.4.23.0
2024-03-07 10:45:06,917 [INFO] WebApp:467 - Username used for proxy authentication: 
2024-03-07 10:45:06,924 [WARN] PackLoader:240 - Cannot read IP mode file for STMicroelectronics.X-CUBE-ALGOBUILD.1.3.0
2024-03-07 10:45:06,971 [WARN] PackLoader:240 - Cannot read IP mode file for STMicroelectronics.X-CUBE-AZRTOS-H7.3.2.0
2024-03-07 10:45:07,014 [WARN] PackLoader:240 - Cannot read IP mode file for STMicroelectronics.X-CUBE-AZRTOS-F4.1.1.0
2024-03-07 10:45:07,049 [WARN] PackLoader:240 - Cannot read IP mode file for STMicroelectronics.X-CUBE-AZRTOS-F7.1.1.0
2024-03-07 10:45:07,078 [WARN] ConditionMgr:438 - getConditionDescription Invalid condition id : LAN8742 Phy interface Condition cause : null
2024-03-07 10:45:07,081 [WARN] PackLoader:240 - Cannot read IP mode file for STMicroelectronics.X-CUBE-AZRTOS-L4.2.0.0
2024-03-07 10:45:07,084 [WARN] ConditionMgr:1039 - genDependencies : Invalid condition id : LAN8742 Phy interface Condition cause : null
2024-03-07 10:45:07,085 [WARN] ConditionMgr:1039 - genDependencies : Invalid condition id : LAN8742 Phy interface Condition cause : null
2024-03-07 10:45:07,086 [WARN] ConditionMgr:1039 - genDependencies : Invalid condition id : LAN8742 Phy interface Condition cause : null
2024-03-07 10:45:07,125 [WARN] PackLoader:240 - Cannot read IP mode file for STMicroelectronics.X-CUBE-AZRTOS-L5.2.0.0
2024-03-07 10:45:07,141 [INFO] WebApp:192 - Starting web application
2024-03-07 10:45:07,143 [INFO] WebApp:544 - Web application path used /Applications/STM32CubeIDE.app/Contents/Eclipse/plugins/com.st.stm32cube.common.mx_6.10.0.202311202037/db/plugins/mcufinder/reactClient1/index.html
2024-03-07 10:45:07,158 [WARN] PackLoader:240 - Cannot read IP mode file for STMicroelectronics.X-CUBE-AZRTOS-G0.1.1.0
2024-03-07 10:45:07,185 [WARN] PackLoader:240 - Cannot read IP mode file for STMicroelectronics.X-CUBE-AZRTOS-G4.2.0.0
2024-03-07 10:45:07,201 [WARN] ConditionMgr:438 - getConditionDescription Invalid condition id : UX DEVICE CLASS RTOS Condition cause : null
2024-03-07 10:45:07,202 [WARN] ConditionMgr:438 - getConditionDescription Invalid condition id : UX DEVICE CLASS RTOS Condition cause : null
2024-03-07 10:45:07,208 [WARN] PackLoader:240 - Cannot read IP mode file for STMicroelectronics.X-CUBE-AZRTOS-WB.2.0.0
2024-03-07 10:45:07,211 [WARN] ConditionMgr:1039 - genDependencies : Invalid condition id : UX DEVICE CLASS RTOS Condition cause : null
2024-03-07 10:45:07,211 [WARN] ConditionMgr:1039 - genDependencies : Invalid condition id : UX DEVICE CLASS RTOS Condition cause : null
2024-03-07 10:45:07,213 [WARN] ConditionMgr:1039 - genDependencies : Invalid condition id : UX DEVICE CLASS RTOS Condition cause : null
2024-03-07 10:45:07,213 [WARN] ConditionMgr:1039 - genDependencies : Invalid condition id : UX DEVICE CLASS RTOS Condition cause : null
2024-03-07 10:45:07,213 [WARN] ConditionMgr:1039 - genDependencies : Invalid condition id : UX DEVICE CLASS RTOS Condition cause : null
2024-03-07 10:45:07,225 [INFO] LogOutputStream:77 - [STDOUT_REDIRECT] 1 : Invalid condition id : UX_CORESTACK_Condition cause : null
2024-03-07 10:45:07,230 [INFO] LogOutputStream:77 - [STDOUT_REDIRECT] 1 : Invalid condition id : UX_CORESTACK_Condition cause : null
2024-03-07 10:45:07,234 [INFO] LogOutputStream:77 - [STDOUT_REDIRECT] 1 : Invalid condition id : UX_CORESTACK_Condition cause : null
2024-03-07 10:45:07,235 [INFO] LogOutputStream:77 - [STDOUT_REDIRECT] 1 : Invalid condition id : UX_CORESTACK_Condition cause : null
2024-03-07 10:45:07,235 [INFO] LogOutputStream:77 - [STDOUT_REDIRECT] 1 : Invalid condition id : UX_CORESTACK_Condition cause : null
2024-03-07 10:45:07,241 [WARN] PackLoader:240 - Cannot read IP mode file for STMicroelectronics.X-CUBE-AZRTOS-WL.2.0.0
2024-03-07 10:45:07,259 [WARN] PackLoader:240 - Cannot read IP mode file for wolfSSL.I-CUBE-wolfSSL.5.6.6
2024-03-07 10:45:07,311 [WARN] PackLoader:240 - Cannot read IP mode file for SEGGER.I-CUBE-embOS.1.3.1
2024-03-07 10:45:07,382 [WARN] PackLoader:240 - Cannot read IP mode file for portGmbH.I-Cube-SoM-uGOAL.1.1.0
2024-03-07 10:45:07,396 [WARN] PackLoader:240 - Cannot read IP mode file for emotas.I-CUBE-CANOPEN.1.3.0
2024-03-07 10:45:07,405 [WARN] PackLoader:240 - Cannot read IP mode file for WES.I-CUBE-Cesium.1.3.0
2024-03-07 10:45:07,408 [WARN] PackLoader:240 - Cannot read IP mode file for ITTIA_DB.I-CUBE-ITTIADB.8.8.0
2024-03-07 10:45:07,524 [WARN] PackLoader:240 - Cannot read IP mode file for Infineon.AIROC-Wi-Fi-Bluetooth-STM32.1.5.1
2024-03-07 10:45:07,547 [INFO] PopulateThirdPartyThread:66 - Ending populate Thread
2024-03-07 10:45:07,582 [INFO] ThirdParty:1030 - CMSIS Pack Vendor :STMicroelectronics X-CUBE-DISPLAY 3.0.0
2024-03-07 10:45:07,585 [INFO] ThirdParty:1030 - CMSIS Pack Vendor :STMicroelectronics X-CUBE-GNSS1 6.0.0
2024-03-07 10:45:07,585 [INFO] ThirdParty:1030 - CMSIS Pack Vendor :STMicroelectronics FP-SNS-MOTENVWB1 1.3.1
2024-03-07 10:45:07,585 [INFO] ThirdParty:1030 - CMSIS Pack Vendor :STMicroelectronics X-CUBE-AZRTOS-F4 1.1.0
2024-03-07 10:45:07,586 [INFO] ThirdParty:1030 - CMSIS Pack Vendor :STMicroelectronics FP-ATR-SIGFOX1 3.2.0
2024-03-07 10:45:07,586 [INFO] ThirdParty:1030 - CMSIS Pack Vendor :STMicroelectronics X-CUBE-BLE1 7.0.0
2024-03-07 10:45:07,586 [INFO] ThirdParty:1030 - CMSIS Pack Vendor :STMicroelectronics X-CUBE-SMBUS 2.1.0
2024-03-07 10:45:07,586 [INFO] ThirdParty:1030 - CMSIS Pack Vendor :STMicroelectronics X-CUBE-ISPU 2.0.0
2024-03-07 10:45:07,586 [INFO] ThirdParty:1030 - CMSIS Pack Vendor :STMicroelectronics X-CUBE-EEPRMA1 5.1.0
2024-03-07 10:45:07,588 [INFO] ThirdParty:1030 - CMSIS Pack Vendor :STMicroelectronics X-CUBE-AZRTOS-WB 2.0.0
2024-03-07 10:45:07,588 [INFO] ThirdParty:1030 - CMSIS Pack Vendor :emotas I-CUBE-CANOPEN 1.3.0
2024-03-07 10:45:07,589 [INFO] ThirdParty:1030 - CMSIS Pack Vendor :STMicroelectronics X-CUBE-MEMS1 10.0.0
2024-03-07 10:45:07,590 [INFO] ThirdParty:1030 - CMSIS Pack Vendor :wolfSSL I-CUBE-wolfSSL 5.6.6
2024-03-07 10:45:07,592 [INFO] ThirdParty:1030 - CMSIS Pack Vendor :STMicroelectronics X-CUBE-FREERTOS 1.1.0
2024-03-07 10:45:07,593 [INFO] ThirdParty:1030 - CMSIS Pack Vendor :STMicroelectronics X-CUBE-NFC7 1.0.1
2024-03-07 10:45:07,593 [INFO] ThirdParty:1030 - CMSIS Pack Vendor :STMicroelectronics X-CUBE-TOUCHGFX 4.23.0
2024-03-07 10:45:07,593 [INFO] ThirdParty:1030 - CMSIS Pack Vendor :STMicroelectronics X-CUBE-AZRTOS-F7 1.1.0
2024-03-07 10:45:07,593 [INFO] ThirdParty:1030 - CMSIS Pack Vendor :STMicroelectronics X-CUBE-AZRTOS-L5 2.0.0
2024-03-07 10:45:07,593 [INFO] ThirdParty:1030 - CMSIS Pack Vendor :STMicroelectronics X-CUBE-NFC6 3.0.0
2024-03-07 10:45:07,593 [INFO] ThirdParty:1030 - CMSIS Pack Vendor :STMicroelectronics X-CUBE-ALS 1.0.1
2024-03-07 10:45:07,593 [INFO] ThirdParty:1030 - CMSIS Pack Vendor :portGmbH I-Cube-SoM-uGOAL 1.1.0
2024-03-07 10:45:07,593 [INFO] ThirdParty:1030 - CMSIS Pack Vendor :ITTIA_DB I-CUBE-ITTIADB 8.8.0
2024-03-07 10:45:07,593 [INFO] ThirdParty:1030 - CMSIS Pack Vendor :STMicroelectronics X-CUBE-BLEMGR 3.1.0
2024-03-07 10:45:07,593 [INFO] ThirdParty:1030 - CMSIS Pack Vendor :STMicroelectronics FP-SNS-SMARTAG2 1.2.0
2024-03-07 10:45:07,594 [INFO] ThirdParty:1030 - CMSIS Pack Vendor :STMicroelectronics FP-SNS-MOTENV1 4.3.2
2024-03-07 10:45:07,594 [INFO] ThirdParty:1030 - CMSIS Pack Vendor :STMicroelectronics X-CUBE-ALGOBUILD 1.3.0
2024-03-07 10:45:07,594 [INFO] ThirdParty:1030 - CMSIS Pack Vendor :STMicroelectronics X-CUBE-AZRTOS-WL 2.0.0
2024-03-07 10:45:07,594 [INFO] ThirdParty:1030 - CMSIS Pack Vendor :SEGGER I-CUBE-embOS 1.3.1
2024-03-07 10:45:07,594 [INFO] ThirdParty:1030 - CMSIS Pack Vendor :STMicroelectronics X-CUBE-AZRTOS-G0 1.1.0
2024-03-07 10:45:07,594 [INFO] ThirdParty:1030 - CMSIS Pack Vendor :STMicroelectronics X-CUBE-AI 8.1.0
2024-03-07 10:45:07,594 [INFO] ThirdParty:1030 - CMSIS Pack Vendor :STMicroelectronics X-CUBE-NFC4 3.0.0
2024-03-07 10:45:07,594 [INFO] ThirdParty:1030 - CMSIS Pack Vendor :STMicroelectronics X-CUBE-SUBG2 5.0.0
2024-03-07 10:45:07,594 [INFO] ThirdParty:1030 - CMSIS Pack Vendor :STMicroelectronics X-CUBE-AZRTOS-L4 2.0.0
2024-03-07 10:45:07,594 [INFO] ThirdParty:1030 - CMSIS Pack Vendor :STMicroelectronics FP-ATR-ASTRA1 2.0.0
2024-03-07 10:45:07,594 [INFO] ThirdParty:1030 - CMSIS Pack Vendor :WES I-CUBE-Cesium 1.3.0
2024-03-07 10:45:07,594 [INFO] ThirdParty:1030 - CMSIS Pack Vendor :STMicroelectronics X-CUBE-SFXS2LP1 4.0.0
2024-03-07 10:45:07,594 [INFO] ThirdParty:1030 - CMSIS Pack Vendor :STMicroelectronics FP-SNS-FLIGHT1 5.0.2
2024-03-07 10:45:07,594 [INFO] ThirdParty:1030 - CMSIS Pack Vendor :STMicroelectronics X-CUBE-BLE2 3.3.0
2024-03-07 10:45:07,594 [INFO] ThirdParty:1030 - CMSIS Pack Vendor :STMicroelectronics X-CUBE-TOF1 3.4.1
2024-03-07 10:45:07,594 [INFO] ThirdParty:1030 - CMSIS Pack Vendor :STMicroelectronics X-CUBE-AZRTOS-G4 2.0.0
2024-03-07 10:45:07,594 [INFO] ThirdParty:1030 - CMSIS Pack Vendor :STMicroelectronics X-CUBE-AZRTOS-H7 3.2.0
2024-03-07 10:45:07,595 [INFO] ThirdParty:1030 - CMSIS Pack Vendor :Infineon AIROC-Wi-Fi-Bluetooth-STM32 1.5.1
2024-03-07 10:45:07,619 [INFO] LoadServerUpdatesThread:375 - End of LoadServerUpdate Thread
2024-03-07 10:45:08,103 [INFO] FileExtend:240 - Unzip File : cube-finder-db.zip
2024-03-07 10:45:08,124 [INFO] FileExtend:255 - Standard Zip Deflate
2024-03-07 10:45:08,276 [WARN] MainUpdater:1194 - Updater busy. Cannot search thirdparties
2024-03-07 10:45:08,277 [INFO] ThirdPartyUpdaterWithRetryManager:96 - Updater plugin is busy. [13/15]
2024-03-07 10:45:08,617 [INFO] LoadUrlFilesThread:156 - End of LoadUrlFiles Thread
2024-03-07 10:45:08,819 [INFO] ServerAccessManage:473 - Download File crdb.zip
2024-03-07 10:45:08,970 [INFO] FileExtend:240 - Unzip File : crdb.zip
2024-03-07 10:45:08,971 [INFO] FileExtend:255 - Standard Zip Deflate
2024-03-07 10:45:09,086 [INFO] LoadUrlFilesThread:156 - End of LoadUrlFiles Thread
2024-03-07 10:45:09,223 [INFO] ServerAccessManage:473 - Download File tutoVideoDB.zip
2024-03-07 10:45:09,226 [INFO] FileExtend:240 - Unzip File : tutoVideoDB.zip
2024-03-07 10:45:09,227 [INFO] FileExtend:255 - Standard Zip Deflate
2024-03-07 10:45:09,336 [INFO] LoadUrlFilesThread:156 - End of LoadUrlFiles Thread
2024-03-07 10:45:09,339 [WARN] DbFile:41 - Overriding database path with different value: /Users/edoardo/.stmcufinder/plugins/mcufinder/ => /Users/edoardo/.stmcufinder/plugins/mcufinder
2024-03-07 10:45:09,474 [INFO] ServerAccessManage:473 - Download File api_config.json
2024-03-07 10:45:09,580 [INFO] LoadUrlFilesThread:156 - End of LoadUrlFiles Thread
2024-03-07 10:45:09,582 [INFO] DbMcusAds:53 - JSON generation date=Wed Nov 29 11:52:27 CET 2023 (1701255147349)
2024-03-07 10:45:09,675 [INFO] ServerAccessManage:473 - Download File 
2024-03-07 10:45:09,701 [INFO] LoadUrlFilesThread:185 - End of LoadServerUrlFiles without Thread
2024-03-07 10:45:09,703 [INFO] TargetSelectorAdapter:259 - Refresh data is successful
2024-03-07 10:45:10,093 [INFO] ApiDb:581 - Connected to CubeFinder SQLite database (/Users/edoardo/.stmcufinder/plugins/mcufinder/mcu/cube-finder-db.db)
2024-03-07 10:45:10,151 [INFO] ApiDb:668 - CubeFinder database Data Model version=2.1
2024-03-07 10:45:10,151 [INFO] ApiDb:669 - CubeFinder database Configuration version=3.0.39
2024-03-07 10:45:10,152 [INFO] ApiDb:670 - CubeFinder database generation date=2024-02-19 (1708350410)
2024-03-07 10:45:10,152 [INFO] ApiDb:671 - CubeFinder database FW Pack versions=[FP-ATR-ASTRA1_V2.0.0, FP-SNS-FLIGHT1_V5.0.1, FP-SNS-FLIGHT1_V5.0.2, FP-SNS-MOTENV1_V4.3.1, FP-SNS-MOTENV1_V4.3.2, FP-SNS-MOTENVWB1_V1.3.1, FP-SNS-SMARTAG2_V1.2.0, STM32Cube_FW_C0_V1.1.0, STM32Cube_FW_F4_V1.28.0, STM32Cube_FW_F7_V1.17.0, STM32Cube_FW_G0_V1.6.2, STM32Cube_FW_G4_V1.5.2, STM32Cube_FW_H5_V0.5.1, STM32Cube_FW_H5_V1.1.1, STM32Cube_FW_H5_V1.2.0RC2, STM32Cube_FW_H7_V1.11.0, STM32Cube_FW_L0_V1.12.2, STM32Cube_FW_L5_V1.5.0, STM32Cube_FW_U5_V1.3.0RC4, STM32Cube_FW_U5_V1.4.0, STM32Cube_FW_WBA_V1.0.0RC1, STM32Cube_FW_WBA_V1.1.0RC1, STM32Cube_FW_WBA_V1.2.0, STM32Cube_FW_WBA_V1.2.0RC2, STM32Cube_FW_WB_V1.15.0RC1, STM32Cube_FW_WB_V1.16.0, STM32Cube_FW_WB_V1.16.0RC2, STM32Cube_FW_WB_V1.18.0, STM32Cube_FW_WL_V1.3.0, X-CUBE-ALGOBUILD_V1.3.0, X-CUBE-ALS_V1.0.1, X-CUBE-AZRTOS-F4_V1.1.0, X-CUBE-AZRTOS-F7_V1.1.0, X-CUBE-AZRTOS-G0_V1.1.0, X-CUBE-AZRTOS-G4_V2.0.0, X-CUBE-AZRTOS-H7_V3.2.0, X-CUBE-AZRTOS-L4_V1.0.0, X-CUBE-AZRTOS-L4_V2.0.0, X-CUBE-AZRTOS-L5_V1.1.0, X-CUBE-AZRTOS-WB_V2.0.0, X-CUBE-AZRTOS-WL_V2.0.0, X-CUBE-BLE1_V7.0.0, X-CUBE-BLE2_V3.3.0, X-CUBE-BLEMGR_V3.0.0, X-CUBE-EEPRMA1_V4.1.0, X-CUBE-EEPRMA1_V5.1.0, X-CUBE-FREERTOS_V1.1.0, X-CUBE-GNSS1_V6.0.0, X-CUBE-MEMS1_V10.0.0, X-CUBE-MEMS1_V9.1.0, X-CUBE-MEMS1_V9.4.0, X-CUBE-MEMS1_V9.6.0, X-CUBE-NFC4_V3.0.0, X-CUBE-NFC7_V1.0.1, X-CUBE-SFXS2LP1_V4.0.0, X-CUBE-SUBG2_V5.0.0, X-CUBE-TOF1_V3.4.0]
2024-03-07 10:45:11,416 [WARN] PackLoader:240 - Cannot read IP mode file for STMicroelectronics.X-CUBE-SMBUS.2.1.0
2024-03-07 10:45:11,422 [INFO] ApiDb:240 - Found 371 in-development CPN: [B-G473E-ZEST1S, B-WB1M-WPAN1, B-WL5M-SUBG1, NUCLEO-C031C6, NUCLEO-H503RB, NUCLEO-H563ZI, NUCLEO-U545RE-Q, NUCLEO-U5A5ZJ-Q, NUCLEO-WBA52CG, NUCLEO-WBA55CG, STEVAL-MKBOXPRO, STEVAL-PROTEUS1, STEVAL-STWINBX1, STM320518-EVAL, STM32C0116-DK, STM32C011D6Y3TR, STM32C011D6Y6TR, STM32C011F4P3, STM32C011F4P6, STM32C011F4U3, STM32C011F4U6TR, STM32C011F6P3, STM32C011F6P6, STM32C011F6U3, STM32C011F6U6TR, STM32C011J4M3, STM32C011J4M6, STM32C011J6M3, STM32C011J6M6, STM32C0316-DK, STM32C031C4T3, STM32C031C4T6, STM32C031C4U3, STM32C031C4U6, STM32C031C6T3, STM32C031C6T6, STM32C031C6U3, STM32C031C6U6, STM32C031F4P3, STM32C031F4P6, STM32C031F6P3, STM32C031F6P6, STM32C031G4U3, STM32C031G4U6, STM32C031G6U3, STM32C031G6U6, STM32C031K4T3, STM32C031K4T6, STM32C031K4U3, STM32C031K4U6, STM32C031K6T3, STM32C031K6T6, STM32C031K6U3, STM32C031K6U6, STM32G071K8TXN, STM32G071K8UXN, STM32G081GBU6N, STM32G081KBT6N, STM32G081KBUXN, STM32G0B1CCT6N, STM32G0B1KCT6, STM32G0B1NEY6TR, STM32G0B1RCT6N, STM32G0C1CCT6, STM32G0C1CCT6N, STM32G0C1CCU6N, STM32G0C1CET6N, STM32G0C1CEU6N, STM32G0C1KCT6, STM32G0C1NEY6TR, STM32G0C1RCI6N, STM32G0C1RCT6N, STM32G0C1REI6N, STM32G0C1RET6N, STM32G0C1VCI6, STM32G0C1VEI6, STM32G471CCT6, STM32G471CCU6, STM32G471CET3, STM32G471CET6, STM32G471CEU3, STM32G471CEU6, STM32G471MCT6, STM32G471MET3, STM32G471MET6, STM32G471MEY6TR, STM32G471QCT6, STM32G471QET3, STM32G471RCT6, STM32G471RET3, STM32G471RET6, STM32G471VCH6, STM32G471VCI6, STM32G471VCT6, STM32G471VEH3, STM32G471VEH6, STM32G471VEI3, STM32G471VEI6, STM32G471VET3, STM32G471VET6, STM32G474CCT6, STM32H503CBT6, STM32H503CBU6, STM32H503EBY6TR, STM32H503KBU6, STM32H503RBT6, STM32H562AGI6, STM32H562AII6, STM32H562IGK6, STM32H562IGT6, STM32H562IIK6, STM32H562IIT6, STM32H562RGT6, STM32H562RGV6, STM32H562RIT6, STM32H562RIV6, STM32H562VGT6, STM32H562VIT6, STM32H562ZGT6, STM32H562ZIT6, STM32H563AGI6, STM32H563AII3Q, STM32H563AII6, STM32H563IGK6, STM32H563IGT6, STM32H563IIK3Q, STM32H563IIK6, STM32H563IIT3Q, STM32H563IIT6, STM32H563MIY3QTR, STM32H563RGT6, STM32H563RGV6, STM32H563RIT6, STM32H563RIV6, STM32H563VGT6, STM32H563VIT3Q, STM32H563VIT6, STM32H563ZGT6, STM32H563ZIT3Q, STM32H563ZIT6, STM32H573AII3Q, STM32H573AII6, STM32H573I-DK, STM32H573IIK3Q, STM32H573IIK6, STM32H573IIT3Q, STM32H573IIT6, STM32H573MIY3QTR, STM32H573RIT6, STM32H573RIV6, STM32H573VIT3Q, STM32H573VIT6, STM32H573ZIT3Q, STM32H573ZIT6, STM32L4R5QGI6STR, STM32MP131AAE3, STM32MP131AAF3, STM32MP131AAG3, STM32MP131CAE3, STM32MP131CAF3, STM32MP131CAG3, STM32MP131DAE7, STM32MP131DAF7, STM32MP131DAG7, STM32MP131FAE7, STM32MP131FAF7, STM32MP131FAG7, STM32MP133AAE3, STM32MP133AAF3, STM32MP133AAG3, STM32MP133CAE3, STM32MP133CAF3, STM32MP133CAG3, STM32MP133DAE7, STM32MP133DAF7, STM32MP133DAG7, STM32MP133FAE7, STM32MP133FAF7, STM32MP133FAG7, STM32MP135AAE3, STM32MP135AAF3, STM32MP135AAG3, STM32MP135CAE3, STM32MP135CAF3, STM32MP135CAG3, STM32MP135DAE7, STM32MP135DAF7, STM32MP135DAG7, STM32MP135F-DK, STM32MP135FAE7, STM32MP135FAF7, STM32MP135FAF7T, STM32MP135FAF7U, STM32MP135FAG7, STM32U535CBT6, STM32U535CBT6Q, STM32U535CBU6, STM32U535CBU6Q, STM32U535CCT6, STM32U535CCT6Q, STM32U535CCU6, STM32U535CCU6Q, STM32U535CET6, STM32U535CET6Q, STM32U535CEU6, STM32U535CEU6Q, STM32U535JEY6QTR, STM32U535NCY6QTR, STM32U535NEY6QTR, STM32U535RBI6, STM32U535RBI6Q, STM32U535RBT6, STM32U535RBT6Q, STM32U535RCI6, STM32U535RCI6Q, STM32U535RCT6, STM32U535RCT6Q, STM32U535REI6, STM32U535REI6Q, STM32U535RET6, STM32U535RET6Q, STM32U535VCI6, STM32U535VCI6Q, STM32U535VCT6, STM32U535VCT6Q, STM32U535VEI6, STM32U535VEI6Q, STM32U535VET6, STM32U535VET6Q, STM32U545CET6, STM32U545CET6Q, STM32U545CEU6, STM32U545CEU6Q, STM32U545JEY6QTR, STM32U545NEY6QTR, STM32U545REI6, STM32U545REI6Q, STM32U545RET6, STM32U545RET6Q, STM32U545VEI6, STM32U545VEI6Q, STM32U545VET6, STM32U545VET6Q, STM32U595AIH6, STM32U595AIH6Q, STM32U595AJH6, STM32U595AJH6Q, STM32U595QII6, STM32U595QII6Q, STM32U595QJI6, STM32U595QJI6Q, STM32U595RIT6, STM32U595RIT6Q, STM32U595RJT6, STM32U595RJT6Q, STM32U595VIT6, STM32U595VIT6Q, STM32U595VJT6, STM32U595VJT6Q, STM32U595ZIT6, STM32U595ZIT6Q, STM32U595ZIY6QTR, STM32U595ZJT6, STM32U595ZJT6Q, STM32U595ZJY6QTR, STM32U599BJY6QTR, STM32U599NIH6Q, STM32U599NJH6Q, STM32U599VIT6Q, STM32U599VJT6, STM32U599VJT6Q, STM32U599ZIT6Q, STM32U599ZIY6QTR, STM32U599ZJT6Q, STM32U599ZJY6QTR, STM32U5A5AJH6, STM32U5A5AJH6Q, STM32U5A5QJI6, STM32U5A5QJI6Q, STM32U5A5RJT6, STM32U5A5RJT6Q, STM32U5A5VJT6, STM32U5A5VJT6Q, STM32U5A5ZJT6, STM32U5A5ZJT6Q, STM32U5A5ZJY6QTR, STM32U5A9BJY6QTR, STM32U5A9J-DK, STM32U5A9NJH6Q, STM32U5A9VJT6Q, STM32U5A9ZJT6Q, STM32U5A9ZJY6QTR, STM32U5F7VIT6, STM32U5F7VIT6Q, STM32U5F7VJT6, STM32U5F7VJT6Q, STM32U5F9BJY6QTR, STM32U5F9NJH6Q, STM32U5F9VIT6Q, STM32U5F9VJT6Q, STM32U5F9ZIJ6QTR, STM32U5F9ZIT6Q, STM32U5F9ZJJ6QTR, STM32U5F9ZJT6Q, STM32U5G7VJT6, STM32U5G7VJT6Q, STM32U5G9BJY6QTR, STM32U5G9J-DK1, STM32U5G9J-DK2, STM32U5G9NJH6Q, STM32U5G9VJT6Q, STM32U5G9ZJJ6QTR, STM32U5G9ZJT6Q, STM32WB1MMCH6, STM32WBA50KEU6, STM32WBA50KEU6TR, STM32WBA50KGU6, STM32WBA50KGU6TR, STM32WBA52CEU6, STM32WBA52CEU6TR, STM32WBA52CEU7, STM32WBA52CEU7TR, STM32WBA52CGU6, STM32WBA52CGU6TR, STM32WBA52CGU6U, STM32WBA52CGU7, STM32WBA52CGU7TR, STM32WBA52KEU6, STM32WBA52KEU6TR, STM32WBA52KGU6, STM32WBA52KGU6TR, STM32WBA54CEU6, STM32WBA54CEU6TR, STM32WBA54CEU7, STM32WBA54CEU7TR, STM32WBA54CGU6, STM32WBA54CGU6TR, STM32WBA54CGU7, STM32WBA54CGU7TR, STM32WBA54KEU6, STM32WBA54KEU6TR, STM32WBA54KEU7, STM32WBA54KEU7TR, STM32WBA54KGU6, STM32WBA54KGU6TR, STM32WBA54KGU7, STM32WBA54KGU7TR, STM32WBA55CEU6, STM32WBA55CEU6TR, STM32WBA55CEU7, STM32WBA55CEU7TR, STM32WBA55CGU6, STM32WBA55CGU6TR, STM32WBA55CGU6U, STM32WBA55CGU7, STM32WBA55CGU7TR, STM32WBA55G-DK1, STM32WBA55HEF6, STM32WBA55HEF7, STM32WBA55HGF6, STM32WBA55HGF7, STM32WBA55UEI6, STM32WBA55UEI6TR, STM32WBA55UEI7, STM32WBA55UEI7TR, STM32WBA55UGI6, STM32WBA55UGI6TR, STM32WBA55UGI7, STM32WBA55UGI7TR, STM32WL5MOCH6, STM32WL5MOCH6TR]
2024-03-07 10:45:11,438 [INFO] DbMcus:218 - Found 3930 MCUs, 3930 are supported
2024-03-07 10:45:11,438 [INFO] ApiDb:414 - User favorites file not found: /Users/edoardo/.stm32cubeide/favorites.mcus.txt
2024-03-07 10:45:11,438 [INFO] DbMcus:224 - Set 0 / 0 favorites MCUs
2024-03-07 10:45:11,441 [WARN] PackLoader:240 - Cannot read IP mode file for STMicroelectronics.X-CUBE-TOUCHGFX.4.23.0
2024-03-07 10:45:11,474 [WARN] PackLoader:240 - Cannot read IP mode file for STMicroelectronics.X-CUBE-AZRTOS-F7.1.1.0
2024-03-07 10:45:11,502 [WARN] PackLoader:240 - Cannot read IP mode file for STMicroelectronics.FP-SNS-MOTENV1.4.3.2
2024-03-07 10:45:11,511 [WARN] PackLoader:240 - Cannot read IP mode file for STMicroelectronics.FP-SNS-FLIGHT1.5.0.2
2024-03-07 10:45:11,521 [WARN] PackLoader:240 - Cannot read IP mode file for STMicroelectronics.X-CUBE-DISPLAY.3.0.0
2024-03-07 10:45:11,547 [WARN] PackLoader:240 - Cannot read IP mode file for STMicroelectronics.X-CUBE-BLE1.7.0.0
2024-03-07 10:45:11,557 [WARN] PackLoader:240 - Cannot read IP mode file for emotas.I-CUBE-CANOPEN.1.3.0
2024-03-07 10:45:11,580 [WARN] PackLoader:240 - Cannot read IP mode file for STMicroelectronics.X-CUBE-BLEMGR.3.1.0
2024-03-07 10:45:11,606 [WARN] PackLoader:240 - Cannot read IP mode file for STMicroelectronics.FP-SNS-SMARTAG2.1.2.0
2024-03-07 10:45:11,632 [INFO] ApiDb:668 - CubeFinder database Data Model version=2.1
2024-03-07 10:45:11,633 [INFO] ApiDb:669 - CubeFinder database Configuration version=3.0.39
2024-03-07 10:45:11,634 [INFO] ApiDb:670 - CubeFinder database generation date=2024-02-19 (1708350410)
2024-03-07 10:45:11,634 [INFO] ApiDb:671 - CubeFinder database FW Pack versions=[FP-ATR-ASTRA1_V2.0.0, FP-SNS-FLIGHT1_V5.0.1, FP-SNS-FLIGHT1_V5.0.2, FP-SNS-MOTENV1_V4.3.1, FP-SNS-MOTENV1_V4.3.2, FP-SNS-MOTENVWB1_V1.3.1, FP-SNS-SMARTAG2_V1.2.0, STM32Cube_FW_C0_V1.1.0, STM32Cube_FW_F4_V1.28.0, STM32Cube_FW_F7_V1.17.0, STM32Cube_FW_G0_V1.6.2, STM32Cube_FW_G4_V1.5.2, STM32Cube_FW_H5_V0.5.1, STM32Cube_FW_H5_V1.1.1, STM32Cube_FW_H5_V1.2.0RC2, STM32Cube_FW_H7_V1.11.0, STM32Cube_FW_L0_V1.12.2, STM32Cube_FW_L5_V1.5.0, STM32Cube_FW_U5_V1.3.0RC4, STM32Cube_FW_U5_V1.4.0, STM32Cube_FW_WBA_V1.0.0RC1, STM32Cube_FW_WBA_V1.1.0RC1, STM32Cube_FW_WBA_V1.2.0, STM32Cube_FW_WBA_V1.2.0RC2, STM32Cube_FW_WB_V1.15.0RC1, STM32Cube_FW_WB_V1.16.0, STM32Cube_FW_WB_V1.16.0RC2, STM32Cube_FW_WB_V1.18.0, STM32Cube_FW_WL_V1.3.0, X-CUBE-ALGOBUILD_V1.3.0, X-CUBE-ALS_V1.0.1, X-CUBE-AZRTOS-F4_V1.1.0, X-CUBE-AZRTOS-F7_V1.1.0, X-CUBE-AZRTOS-G0_V1.1.0, X-CUBE-AZRTOS-G4_V2.0.0, X-CUBE-AZRTOS-H7_V3.2.0, X-CUBE-AZRTOS-L4_V1.0.0, X-CUBE-AZRTOS-L4_V2.0.0, X-CUBE-AZRTOS-L5_V1.1.0, X-CUBE-AZRTOS-WB_V2.0.0, X-CUBE-AZRTOS-WL_V2.0.0, X-CUBE-BLE1_V7.0.0, X-CUBE-BLE2_V3.3.0, X-CUBE-BLEMGR_V3.0.0, X-CUBE-EEPRMA1_V4.1.0, X-CUBE-EEPRMA1_V5.1.0, X-CUBE-FREERTOS_V1.1.0, X-CUBE-GNSS1_V6.0.0, X-CUBE-MEMS1_V10.0.0, X-CUBE-MEMS1_V9.1.0, X-CUBE-MEMS1_V9.4.0, X-CUBE-MEMS1_V9.6.0, X-CUBE-NFC4_V3.0.0, X-CUBE-NFC7_V1.0.1, X-CUBE-SFXS2LP1_V4.0.0, X-CUBE-SUBG2_V5.0.0, X-CUBE-TOF1_V3.4.0]
2024-03-07 10:45:11,641 [INFO] LogOutputStream:77 - [STDOUT_REDIRECT] 1 : Invalid condition id : UX_CORESTACK_Condition cause : null
2024-03-07 10:45:11,644 [INFO] LogOutputStream:77 - [STDOUT_REDIRECT] 1 : Invalid condition id : UX_CORESTACK_Condition cause : null
2024-03-07 10:45:11,645 [INFO] LogOutputStream:77 - [STDOUT_REDIRECT] 1 : Invalid condition id : UX_CORESTACK_Condition cause : null
2024-03-07 10:45:11,645 [INFO] LogOutputStream:77 - [STDOUT_REDIRECT] 1 : Invalid condition id : UX_CORESTACK_Condition cause : null
2024-03-07 10:45:11,645 [INFO] LogOutputStream:77 - [STDOUT_REDIRECT] 1 : Invalid condition id : UX_CORESTACK_Condition cause : null
2024-03-07 10:45:11,654 [WARN] PackLoader:240 - Cannot read IP mode file for STMicroelectronics.X-CUBE-AZRTOS-WL.2.0.0
2024-03-07 10:45:11,692 [WARN] PackLoader:240 - Cannot read IP mode file for WES.I-CUBE-Cesium.1.3.0
2024-03-07 10:45:11,692 [INFO] DbBoardsSqlite:226 - include board P-NUCLEO-WB55-NUCLEO as a kit item of type 'Nucleo-64'
2024-03-07 10:45:11,693 [INFO] DbBoardsSqlite:226 - include board P-NUCLEO-WB55-USBDONGLE as a kit item of type 'Nucleo USB Dongle'
2024-03-07 10:45:11,693 [INFO] DbBoardsSqlite:226 - include board STEVAL-IDP005V1 as a kit item of type 'Evaluation Board'
2024-03-07 10:45:11,693 [INFO] DbBoardsSqlite:226 - include board STEVAL-IDP005V2 as a kit item of type 'Evaluation Board'
2024-03-07 10:45:11,707 [WARN] PackLoader:240 - Cannot read IP mode file for STMicroelectronics.X-CUBE-BLE2.3.3.0
2024-03-07 10:45:11,726 [INFO] ApiDb:240 - Found 371 in-development CPN: [B-G473E-ZEST1S, B-WB1M-WPAN1, B-WL5M-SUBG1, NUCLEO-C031C6, NUCLEO-H503RB, NUCLEO-H563ZI, NUCLEO-U545RE-Q, NUCLEO-U5A5ZJ-Q, NUCLEO-WBA52CG, NUCLEO-WBA55CG, STEVAL-MKBOXPRO, STEVAL-PROTEUS1, STEVAL-STWINBX1, STM320518-EVAL, STM32C0116-DK, STM32C011D6Y3TR, STM32C011D6Y6TR, STM32C011F4P3, STM32C011F4P6, STM32C011F4U3, STM32C011F4U6TR, STM32C011F6P3, STM32C011F6P6, STM32C011F6U3, STM32C011F6U6TR, STM32C011J4M3, STM32C011J4M6, STM32C011J6M3, STM32C011J6M6, STM32C0316-DK, STM32C031C4T3, STM32C031C4T6, STM32C031C4U3, STM32C031C4U6, STM32C031C6T3, STM32C031C6T6, STM32C031C6U3, STM32C031C6U6, STM32C031F4P3, STM32C031F4P6, STM32C031F6P3, STM32C031F6P6, STM32C031G4U3, STM32C031G4U6, STM32C031G6U3, STM32C031G6U6, STM32C031K4T3, STM32C031K4T6, STM32C031K4U3, STM32C031K4U6, STM32C031K6T3, STM32C031K6T6, STM32C031K6U3, STM32C031K6U6, STM32G071K8TXN, STM32G071K8UXN, STM32G081GBU6N, STM32G081KBT6N, STM32G081KBUXN, STM32G0B1CCT6N, STM32G0B1KCT6, STM32G0B1NEY6TR, STM32G0B1RCT6N, STM32G0C1CCT6, STM32G0C1CCT6N, STM32G0C1CCU6N, STM32G0C1CET6N, STM32G0C1CEU6N, STM32G0C1KCT6, STM32G0C1NEY6TR, STM32G0C1RCI6N, STM32G0C1RCT6N, STM32G0C1REI6N, STM32G0C1RET6N, STM32G0C1VCI6, STM32G0C1VEI6, STM32G471CCT6, STM32G471CCU6, STM32G471CET3, STM32G471CET6, STM32G471CEU3, STM32G471CEU6, STM32G471MCT6, STM32G471MET3, STM32G471MET6, STM32G471MEY6TR, STM32G471QCT6, STM32G471QET3, STM32G471RCT6, STM32G471RET3, STM32G471RET6, STM32G471VCH6, STM32G471VCI6, STM32G471VCT6, STM32G471VEH3, STM32G471VEH6, STM32G471VEI3, STM32G471VEI6, STM32G471VET3, STM32G471VET6, STM32G474CCT6, STM32H503CBT6, STM32H503CBU6, STM32H503EBY6TR, STM32H503KBU6, STM32H503RBT6, STM32H562AGI6, STM32H562AII6, STM32H562IGK6, STM32H562IGT6, STM32H562IIK6, STM32H562IIT6, STM32H562RGT6, STM32H562RGV6, STM32H562RIT6, STM32H562RIV6, STM32H562VGT6, STM32H562VIT6, STM32H562ZGT6, STM32H562ZIT6, STM32H563AGI6, STM32H563AII3Q, STM32H563AII6, STM32H563IGK6, STM32H563IGT6, STM32H563IIK3Q, STM32H563IIK6, STM32H563IIT3Q, STM32H563IIT6, STM32H563MIY3QTR, STM32H563RGT6, STM32H563RGV6, STM32H563RIT6, STM32H563RIV6, STM32H563VGT6, STM32H563VIT3Q, STM32H563VIT6, STM32H563ZGT6, STM32H563ZIT3Q, STM32H563ZIT6, STM32H573AII3Q, STM32H573AII6, STM32H573I-DK, STM32H573IIK3Q, STM32H573IIK6, STM32H573IIT3Q, STM32H573IIT6, STM32H573MIY3QTR, STM32H573RIT6, STM32H573RIV6, STM32H573VIT3Q, STM32H573VIT6, STM32H573ZIT3Q, STM32H573ZIT6, STM32L4R5QGI6STR, STM32MP131AAE3, STM32MP131AAF3, STM32MP131AAG3, STM32MP131CAE3, STM32MP131CAF3, STM32MP131CAG3, STM32MP131DAE7, STM32MP131DAF7, STM32MP131DAG7, STM32MP131FAE7, STM32MP131FAF7, STM32MP131FAG7, STM32MP133AAE3, STM32MP133AAF3, STM32MP133AAG3, STM32MP133CAE3, STM32MP133CAF3, STM32MP133CAG3, STM32MP133DAE7, STM32MP133DAF7, STM32MP133DAG7, STM32MP133FAE7, STM32MP133FAF7, STM32MP133FAG7, STM32MP135AAE3, STM32MP135AAF3, STM32MP135AAG3, STM32MP135CAE3, STM32MP135CAF3, STM32MP135CAG3, STM32MP135DAE7, STM32MP135DAF7, STM32MP135DAG7, STM32MP135F-DK, STM32MP135FAE7, STM32MP135FAF7, STM32MP135FAF7T, STM32MP135FAF7U, STM32MP135FAG7, STM32U535CBT6, STM32U535CBT6Q, STM32U535CBU6, STM32U535CBU6Q, STM32U535CCT6, STM32U535CCT6Q, STM32U535CCU6, STM32U535CCU6Q, STM32U535CET6, STM32U535CET6Q, STM32U535CEU6, STM32U535CEU6Q, STM32U535JEY6QTR, STM32U535NCY6QTR, STM32U535NEY6QTR, STM32U535RBI6, STM32U535RBI6Q, STM32U535RBT6, STM32U535RBT6Q, STM32U535RCI6, STM32U535RCI6Q, STM32U535RCT6, STM32U535RCT6Q, STM32U535REI6, STM32U535REI6Q, STM32U535RET6, STM32U535RET6Q, STM32U535VCI6, STM32U535VCI6Q, STM32U535VCT6, STM32U535VCT6Q, STM32U535VEI6, STM32U535VEI6Q, STM32U535VET6, STM32U535VET6Q, STM32U545CET6, STM32U545CET6Q, STM32U545CEU6, STM32U545CEU6Q, STM32U545JEY6QTR, STM32U545NEY6QTR, STM32U545REI6, STM32U545REI6Q, STM32U545RET6, STM32U545RET6Q, STM32U545VEI6, STM32U545VEI6Q, STM32U545VET6, STM32U545VET6Q, STM32U595AIH6, STM32U595AIH6Q, STM32U595AJH6, STM32U595AJH6Q, STM32U595QII6, STM32U595QII6Q, STM32U595QJI6, STM32U595QJI6Q, STM32U595RIT6, STM32U595RIT6Q, STM32U595RJT6, STM32U595RJT6Q, STM32U595VIT6, STM32U595VIT6Q, STM32U595VJT6, STM32U595VJT6Q, STM32U595ZIT6, STM32U595ZIT6Q, STM32U595ZIY6QTR, STM32U595ZJT6, STM32U595ZJT6Q, STM32U595ZJY6QTR, STM32U599BJY6QTR, STM32U599NIH6Q, STM32U599NJH6Q, STM32U599VIT6Q, STM32U599VJT6, STM32U599VJT6Q, STM32U599ZIT6Q, STM32U599ZIY6QTR, STM32U599ZJT6Q, STM32U599ZJY6QTR, STM32U5A5AJH6, STM32U5A5AJH6Q, STM32U5A5QJI6, STM32U5A5QJI6Q, STM32U5A5RJT6, STM32U5A5RJT6Q, STM32U5A5VJT6, STM32U5A5VJT6Q, STM32U5A5ZJT6, STM32U5A5ZJT6Q, STM32U5A5ZJY6QTR, STM32U5A9BJY6QTR, STM32U5A9J-DK, STM32U5A9NJH6Q, STM32U5A9VJT6Q, STM32U5A9ZJT6Q, STM32U5A9ZJY6QTR, STM32U5F7VIT6, STM32U5F7VIT6Q, STM32U5F7VJT6, STM32U5F7VJT6Q, STM32U5F9BJY6QTR, STM32U5F9NJH6Q, STM32U5F9VIT6Q, STM32U5F9VJT6Q, STM32U5F9ZIJ6QTR, STM32U5F9ZIT6Q, STM32U5F9ZJJ6QTR, STM32U5F9ZJT6Q, STM32U5G7VJT6, STM32U5G7VJT6Q, STM32U5G9BJY6QTR, STM32U5G9J-DK1, STM32U5G9J-DK2, STM32U5G9NJH6Q, STM32U5G9VJT6Q, STM32U5G9ZJJ6QTR, STM32U5G9ZJT6Q, STM32WB1MMCH6, STM32WBA50KEU6, STM32WBA50KEU6TR, STM32WBA50KGU6, STM32WBA50KGU6TR, STM32WBA52CEU6, STM32WBA52CEU6TR, STM32WBA52CEU7, STM32WBA52CEU7TR, STM32WBA52CGU6, STM32WBA52CGU6TR, STM32WBA52CGU6U, STM32WBA52CGU7, STM32WBA52CGU7TR, STM32WBA52KEU6, STM32WBA52KEU6TR, STM32WBA52KGU6, STM32WBA52KGU6TR, STM32WBA54CEU6, STM32WBA54CEU6TR, STM32WBA54CEU7, STM32WBA54CEU7TR, STM32WBA54CGU6, STM32WBA54CGU6TR, STM32WBA54CGU7, STM32WBA54CGU7TR, STM32WBA54KEU6, STM32WBA54KEU6TR, STM32WBA54KEU7, STM32WBA54KEU7TR, STM32WBA54KGU6, STM32WBA54KGU6TR, STM32WBA54KGU7, STM32WBA54KGU7TR, STM32WBA55CEU6, STM32WBA55CEU6TR, STM32WBA55CEU7, STM32WBA55CEU7TR, STM32WBA55CGU6, STM32WBA55CGU6TR, STM32WBA55CGU6U, STM32WBA55CGU7, STM32WBA55CGU7TR, STM32WBA55G-DK1, STM32WBA55HEF6, STM32WBA55HEF7, STM32WBA55HGF6, STM32WBA55HGF7, STM32WBA55UEI6, STM32WBA55UEI6TR, STM32WBA55UEI7, STM32WBA55UEI7TR, STM32WBA55UGI6, STM32WBA55UGI6TR, STM32WBA55UGI7, STM32WBA55UGI7TR, STM32WL5MOCH6, STM32WL5MOCH6TR]
2024-03-07 10:45:11,726 [WARN] PackLoader:240 - Cannot read IP mode file for STMicroelectronics.X-CUBE-ALGOBUILD.1.3.0
2024-03-07 10:45:11,755 [WARN] PackLoader:240 - Cannot read IP mode file for STMicroelectronics.X-CUBE-AZRTOS-G0.1.1.0
2024-03-07 10:45:11,863 [WARN] PackLoader:240 - Cannot read IP mode file for STMicroelectronics.X-CUBE-NFC4.3.0.0
2024-03-07 10:45:11,910 [INFO] BoardInfo:889 - No configuration file found for board P-NUCLEO-WB55
2024-03-07 10:45:11,913 [WARN] PackLoader:240 - Cannot read IP mode file for STMicroelectronics.FP-ATR-SIGFOX1.3.2.0
2024-03-07 10:45:11,914 [INFO] DbBoards:161 - Kit is not supported: P-NUCLEO-WB55
2024-03-07 10:45:11,918 [INFO] BoardInfo:889 - No configuration file found for board STEVAL-BFA001V1B
2024-03-07 10:45:11,918 [INFO] DbBoards:161 - Kit is not supported: STEVAL-BFA001V1B
2024-03-07 10:45:11,919 [INFO] BoardInfo:889 - No configuration file found for board STEVAL-BFA001V2B
2024-03-07 10:45:11,920 [INFO] DbBoards:161 - Kit is not supported: STEVAL-BFA001V2B
2024-03-07 10:45:11,922 [WARN] PackLoader:240 - Cannot read IP mode file for STMicroelectronics.X-CUBE-EEPRMA1.5.1.0
2024-03-07 10:45:11,963 [WARN] PackLoader:240 - Cannot read IP mode file for SEGGER.I-CUBE-embOS.1.3.1
2024-03-07 10:45:12,008 [WARN] PackLoader:240 - Cannot read IP mode file for STMicroelectronics.X-CUBE-GNSS1.6.0.0
2024-03-07 10:45:12,029 [WARN] PackLoader:240 - Cannot read IP mode file for STMicroelectronics.X-CUBE-AZRTOS-F4.1.1.0
2024-03-07 10:45:12,037 [WARN] PackLoader:240 - Cannot read IP mode file for wolfSSL.I-CUBE-wolfSSL.5.6.6
2024-03-07 10:45:12,051 [INFO] DbBoards:168 - Found 193 boards, 190 are supported
2024-03-07 10:45:12,051 [INFO] DbBoards:169 - Found 193 boards, 3 of them is supported for  Bsp
2024-03-07 10:45:12,054 [INFO] ApiDb:414 - User favorites file not found: /Users/edoardo/.stm32cubeide/favorites.boards.txt
2024-03-07 10:45:12,054 [INFO] DbBoards:198 - Set 0 / 0 favorites Boards
2024-03-07 10:45:12,057 [WARN] PackLoader:240 - Cannot read IP mode file for STMicroelectronics.X-CUBE-AZRTOS-L5.2.0.0
2024-03-07 10:45:12,059 [INFO] ApiDb:668 - CubeFinder database Data Model version=2.1
2024-03-07 10:45:12,059 [INFO] ApiDb:669 - CubeFinder database Configuration version=3.0.39
2024-03-07 10:45:12,060 [INFO] ApiDb:670 - CubeFinder database generation date=2024-02-19 (1708350410)
2024-03-07 10:45:12,060 [INFO] ApiDb:671 - CubeFinder database FW Pack versions=[FP-ATR-ASTRA1_V2.0.0, FP-SNS-FLIGHT1_V5.0.1, FP-SNS-FLIGHT1_V5.0.2, FP-SNS-MOTENV1_V4.3.1, FP-SNS-MOTENV1_V4.3.2, FP-SNS-MOTENVWB1_V1.3.1, FP-SNS-SMARTAG2_V1.2.0, STM32Cube_FW_C0_V1.1.0, STM32Cube_FW_F4_V1.28.0, STM32Cube_FW_F7_V1.17.0, STM32Cube_FW_G0_V1.6.2, STM32Cube_FW_G4_V1.5.2, STM32Cube_FW_H5_V0.5.1, STM32Cube_FW_H5_V1.1.1, STM32Cube_FW_H5_V1.2.0RC2, STM32Cube_FW_H7_V1.11.0, STM32Cube_FW_L0_V1.12.2, STM32Cube_FW_L5_V1.5.0, STM32Cube_FW_U5_V1.3.0RC4, STM32Cube_FW_U5_V1.4.0, STM32Cube_FW_WBA_V1.0.0RC1, STM32Cube_FW_WBA_V1.1.0RC1, STM32Cube_FW_WBA_V1.2.0, STM32Cube_FW_WBA_V1.2.0RC2, STM32Cube_FW_WB_V1.15.0RC1, STM32Cube_FW_WB_V1.16.0, STM32Cube_FW_WB_V1.16.0RC2, STM32Cube_FW_WB_V1.18.0, STM32Cube_FW_WL_V1.3.0, X-CUBE-ALGOBUILD_V1.3.0, X-CUBE-ALS_V1.0.1, X-CUBE-AZRTOS-F4_V1.1.0, X-CUBE-AZRTOS-F7_V1.1.0, X-CUBE-AZRTOS-G0_V1.1.0, X-CUBE-AZRTOS-G4_V2.0.0, X-CUBE-AZRTOS-H7_V3.2.0, X-CUBE-AZRTOS-L4_V1.0.0, X-CUBE-AZRTOS-L4_V2.0.0, X-CUBE-AZRTOS-L5_V1.1.0, X-CUBE-AZRTOS-WB_V2.0.0, X-CUBE-AZRTOS-WL_V2.0.0, X-CUBE-BLE1_V7.0.0, X-CUBE-BLE2_V3.3.0, X-CUBE-BLEMGR_V3.0.0, X-CUBE-EEPRMA1_V4.1.0, X-CUBE-EEPRMA1_V5.1.0, X-CUBE-FREERTOS_V1.1.0, X-CUBE-GNSS1_V6.0.0, X-CUBE-MEMS1_V10.0.0, X-CUBE-MEMS1_V9.1.0, X-CUBE-MEMS1_V9.4.0, X-CUBE-MEMS1_V9.6.0, X-CUBE-NFC4_V3.0.0, X-CUBE-NFC7_V1.0.1, X-CUBE-SFXS2LP1_V4.0.0, X-CUBE-SUBG2_V5.0.0, X-CUBE-TOF1_V3.4.0]
2024-03-07 10:45:12,065 [WARN] PackLoader:240 - Cannot read IP mode file for ITTIA_DB.I-CUBE-ITTIADB.8.8.0
2024-03-07 10:45:12,079 [WARN] PackLoader:240 - Cannot read IP mode file for STMicroelectronics.X-CUBE-NFC7.1.0.1
2024-03-07 10:45:12,090 [WARN] PackLoader:240 - Cannot read IP mode file for STMicroelectronics.X-CUBE-NFC6.3.0.0
2024-03-07 10:45:12,097 [WARN] PackLoader:240 - Cannot read IP mode file for STMicroelectronics.X-CUBE-AI.8.1.0
2024-03-07 10:45:12,119 [WARN] ConditionMgr:438 - getConditionDescription Invalid condition id : LAN8742 Phy interface Condition cause : null
2024-03-07 10:45:12,120 [WARN] PackLoader:240 - Cannot read IP mode file for STMicroelectronics.X-CUBE-AZRTOS-L4.2.0.0
2024-03-07 10:45:12,122 [WARN] ConditionMgr:1039 - genDependencies : Invalid condition id : LAN8742 Phy interface Condition cause : null
2024-03-07 10:45:12,123 [WARN] ConditionMgr:1039 - genDependencies : Invalid condition id : LAN8742 Phy interface Condition cause : null
2024-03-07 10:45:12,124 [WARN] ConditionMgr:1039 - genDependencies : Invalid condition id : LAN8742 Phy interface Condition cause : null
2024-03-07 10:45:12,132 [WARN] PackLoader:240 - Cannot read IP mode file for STMicroelectronics.X-CUBE-SFXS2LP1.4.0.0
2024-03-07 10:45:12,146 [WARN] ConditionMgr:438 - getConditionDescription Invalid condition id : UX DEVICE CLASS RTOS Condition cause : null
2024-03-07 10:45:12,146 [WARN] ConditionMgr:438 - getConditionDescription Invalid condition id : UX DEVICE CLASS RTOS Condition cause : null
2024-03-07 10:45:12,150 [WARN] PackLoader:240 - Cannot read IP mode file for STMicroelectronics.X-CUBE-AZRTOS-WB.2.0.0
2024-03-07 10:45:12,156 [WARN] ConditionMgr:1039 - genDependencies : Invalid condition id : UX DEVICE CLASS RTOS Condition cause : null
2024-03-07 10:45:12,157 [WARN] ConditionMgr:1039 - genDependencies : Invalid condition id : UX DEVICE CLASS RTOS Condition cause : null
2024-03-07 10:45:12,157 [WARN] ConditionMgr:1039 - genDependencies : Invalid condition id : UX DEVICE CLASS RTOS Condition cause : null
2024-03-07 10:45:12,158 [WARN] ConditionMgr:1039 - genDependencies : Invalid condition id : UX DEVICE CLASS RTOS Condition cause : null
2024-03-07 10:45:12,158 [WARN] ConditionMgr:1039 - genDependencies : Invalid condition id : UX DEVICE CLASS RTOS Condition cause : null
2024-03-07 10:45:12,171 [WARN] PackLoader:240 - Cannot read IP mode file for STMicroelectronics.X-CUBE-SUBG2.5.0.0
2024-03-07 10:45:12,195 [WARN] PackLoader:240 - Cannot read IP mode file for STMicroelectronics.X-CUBE-AZRTOS-G4.2.0.0
2024-03-07 10:45:12,214 [WARN] PackLoader:240 - Cannot read IP mode file for Infineon.AIROC-Wi-Fi-Bluetooth-STM32.1.5.1
2024-03-07 10:45:12,223 [WARN] PackLoader:240 - Cannot read IP mode file for STMicroelectronics.FP-SNS-MOTENVWB1.1.3.1
2024-03-07 10:45:12,227 [WARN] PackLoader:240 - Cannot read IP mode file for STMicroelectronics.X-CUBE-ISPU.2.0.0
2024-03-07 10:45:12,331 [WARN] PackLoader:240 - Cannot read IP mode file for STMicroelectronics.X-CUBE-MEMS1.10.0.0
2024-03-07 10:45:12,483 [WARN] PackLoader:240 - Cannot read IP mode file for STMicroelectronics.X-CUBE-FREERTOS.1.1.0
2024-03-07 10:45:12,492 [WARN] PackLoader:240 - Cannot read IP mode file for portGmbH.I-Cube-SoM-uGOAL.1.1.0
2024-03-07 10:45:12,504 [WARN] PackLoader:240 - Cannot read IP mode file for STMicroelectronics.X-CUBE-ALS.1.0.1
2024-03-07 10:45:12,510 [WARN] PackLoader:240 - Cannot read IP mode file for STMicroelectronics.FP-ATR-ASTRA1.2.0.0
2024-03-07 10:45:12,554 [WARN] PackLoader:240 - Cannot read IP mode file for STMicroelectronics.X-CUBE-TOF1.3.4.1
2024-03-07 10:45:12,588 [WARN] PackLoader:240 - Cannot read IP mode file for STMicroelectronics.X-CUBE-AZRTOS-H7.3.2.0
2024-03-07 10:45:12,602 [INFO] ThirdParty:978 - Integrity check success = true
2024-03-07 10:45:12,602 [INFO] IntegrityCheckThread:100 - exiting critical section [integrity check]
2024-03-07 10:45:12,602 [INFO] IntegrityCheckThread:103 - End integrity checks thread
2024-03-07 10:45:12,972 [ERROR] DbExamplesSqlite:437 - Missing JSON key: board_cpn
2024-03-07 10:45:12,973 [ERROR] DbExamplesSqlite:437 - Missing JSON key: board_cpn
2024-03-07 10:45:12,975 [ERROR] DbExamplesSqlite:437 - Missing JSON key: board_cpn
2024-03-07 10:45:12,975 [ERROR] DbExamplesSqlite:437 - Missing JSON key: board_cpn
2024-03-07 10:45:13,039 [INFO] DbExamplesSqlite:395 - Ignored 55 examples not supported by CubeIDE
2024-03-07 10:45:13,041 [INFO] DbExamplesSqlite:396 - Found 7564 examples active
2024-03-07 10:45:13,041 [INFO] DbExamplesSqlite:397 - Found 844 examples obsolete
2024-03-07 10:45:13,042 [INFO] DbExamplesSqlite:398 - Found 0 examples under development
2024-03-07 10:45:13,042 [INFO] DbExamplesSqlite:399 - Found 8 examples not building
2024-03-07 10:45:13,046 [INFO] DbExamples:125 - Found 7517 examples
2024-03-07 10:45:13,069 [INFO] DbExamples:222 - Found 95 boards with related examples
2024-03-07 10:45:13,070 [INFO] DbExamples:235 - Found 80 MCUs with related examples
2024-03-07 10:45:13,124 [INFO] ApiDb:414 - User favorites file not found: /Users/edoardo/.stm32cubeide/favorites.examples.txt
2024-03-07 10:45:13,132 [INFO] DbExamples:250 - Set 0 / 0 favorites Examples
2024-03-07 10:45:13,884 [INFO] McuFinderGlobals:76 - Set McuFinderConnectedMode to true
2024-03-07 10:45:13,905 [INFO] MultiScanPanel:200 - Auto-refresh data requested => check proxy status ongoing
2024-03-07 10:45:13,910 [INFO] FinderPluginLoader:95 - Searching for filters in installed packs
2024-03-07 10:45:15,625 [INFO] LoadUrlFilesThread:185 - End of LoadServerUrlFiles without Thread
2024-03-07 10:45:15,656 [INFO] DetailPanel:341 - Set advertising image to /Users/edoardo/STM32Cube/Repository//en.prom-stm32wl3-mcu-finder.jpg
2024-03-07 10:45:29,956 [ERROR] LogOutputStream:75 - [STDERR_REDIRECT] SLF4J: Failed to load class "org.slf4j.impl.StaticLoggerBinder".
2024-03-07 10:45:29,959 [ERROR] LogOutputStream:75 - [STDERR_REDIRECT] SLF4J: Defaulting to no-operation (NOP) logger implementation
2024-03-07 10:45:29,960 [ERROR] LogOutputStream:75 - [STDERR_REDIRECT] SLF4J: See http://www.slf4j.org/codes.html#StaticLoggerBinder for further details.
2024-03-07 10:45:35,046 [INFO] McuFinderGlobals:76 - Set McuFinderConnectedMode to true
2024-03-07 10:45:35,409 [INFO] ApiDb:448 - Save user favorites file /Users/edoardo/.stm32cubeide/favorites.mcus.txt: 0 item(s)
2024-03-07 10:45:35,411 [INFO] ApiDb:452 - User favorites MCUs=[]
2024-03-07 10:45:42,847 [ERROR] LogOutputStream:75 - [STDERR_REDIRECT] 
